*** Starting uWSGI 2.0.18 (64bit) on [Sun Sep 15 03:24:07 2019] ***
compiled with version: 4.2.1 Compatible Apple LLVM 7.0.2 (clang-700.1.81) on 15 May 2019 10:25:14
os: Darwin-18.7.0 Darwin Kernel Version 18.7.0: Thu Jun 20 18:42:21 PDT 2019; root:xnu-4903.270.47~4/RELEASE_X86_64
nodename: joshuaMBP
machine: x86_64
clock source: unix
pcre jit disabled
detected number of CPU cores: 12
current working directory: /Users/jc/Dropbox/workspace/runMES/runMES_1908.2p5/runMES
detected binary path: /Users/jc/Dropbox/workspace/runMES/runMES_1908.2p5/bin/uwsgi
chdir() to /Users/jc/Dropbox/workspace/runMES/runMES_1908.2p5/runMES/
your processes number limit is 1418
your memory page size is 4096 bytes
detected max file descriptor number: 256
building mime-types dictionary from file /etc/apache2/mime.types...1003 entry found
lock engine: OSX spinlocks
thunder lock: disabled (you can enable it with --thunder-lock)
uWSGI http bound on 0.0.0.0:8000 fd 5
uwsgi socket 0 bound to TCP address 127.0.0.1:55243 (port auto-assigned) fd 3
Python version: 3.6.4 (v3.6.4:d48ecebad5, Dec 18 2017, 21:07:28)  [GCC 4.2.1 (Apple Inc. build 5666) (dot 3)]
Set PythonHome to /Users/jc/Dropbox/workspace/runMES/runMES_1908.2p5/
*** Python threads support is disabled. You can enable it with --enable-threads ***
Python main interpreter initialized at 0x7ffa0d801e00
your server socket listen backlog is limited to 100 connections
your mercy for graceful operations on workers is 60 seconds
[uwsgi-cron] command "{ sleep 66 && kill -HUP $(cat /Users/jc/Dropbox/workspace/runMES/runMES_1908.2p5/uwsgi-master.pid) && ls -tp /Users/jc/Dropbox/workspace/runMES/runMES_1908.2p5/runMES/uwsgi-* | grep -v '/$' | tail -n +7  | xargs -d '\n' -r rm --; } &" registered as cron task
mapped 1117336 bytes (1091 KB) for 10 cores
*** Operational MODE: preforking ***
WSGI app 0 (mountpoint='') ready in 1 seconds on interpreter 0x7ffa0d801e00 pid: 85355 (default app)
*** uWSGI is running in multiple interpreter mode ***
gracefully (RE)spawned uWSGI master process (pid: 85355)
spawned uWSGI worker 1 (pid: 11739, cores: 1)
spawned uWSGI worker 2 (pid: 11740, cores: 1)
spawned uWSGI worker 3 (pid: 11741, cores: 1)
spawned uWSGI worker 4 (pid: 11742, cores: 1)
spawned uWSGI worker 5 (pid: 11743, cores: 1)
spawned uWSGI worker 6 (pid: 11744, cores: 1)
spawned uWSGI worker 7 (pid: 11745, cores: 1)
spawned uWSGI worker 8 (pid: 11746, cores: 1)
spawned uWSGI worker 9 (pid: 11747, cores: 1)
spawned uWSGI worker 10 (pid: 11748, cores: 1)
spawned uWSGI http 1 (pid: 11749)
subprocess 11738 exited with code 0
Mon Sep 16 03:23:00 2019 - [uwsgi-cron] running "{ sleep 66 && kill -HUP $(cat /Users/jc/Dropbox/workspace/runMES/runMES_1908.2p5/uwsgi-master.pid) && ls -tp /Users/jc/Dropbox/workspace/runMES/runMES_1908.2p5/runMES/uwsgi-* | grep -v '/$' | tail -n +7  | xargs -d '\n' -r rm --; } &" (pid 36381)
[uwsgi-cron] command "{ sleep 66 && kill -HUP $(cat /Users/jc/Dropbox/workspace/runMES/runMES_1908.2p5/uwsgi-master.pid) && ls -tp /Users/jc/Dropbox/workspace/runMES/runMES_1908.2p5/runMES/uwsgi-* | grep -v '/$' | tail -n +7  | xargs -d '\n' -r rm --; } &" running with pid 36381 exited after 1 second(s)
gateway "uWSGI http 1" has been buried (pid: 11749)
...gracefully killing workers...
Gracefully killing worker 1 (pid: 11739)...
Gracefully killing worker 7 (pid: 11745)...
Gracefully killing worker 3 (pid: 11741)...
Gracefully killing worker 2 (pid: 11740)...
Gracefully killing worker 5 (pid: 11743)...
Gracefully killing worker 8 (pid: 11746)...
Gracefully killing worker 4 (pid: 11742)...
Gracefully killing worker 9 (pid: 11747)...
Gracefully killing worker 6 (pid: 11744)...
Gracefully killing worker 10 (pid: 11748)...
xargs: illegal option -- d
usage: xargs [-0opt] [-E eofstr] [-I replstr [-R replacements]] [-J replstr]
             [-L number] [-n number [-x]] [-P maxprocs] [-s size]
             [utility [argument ...]]
worker 10 buried after 1 seconds
worker 9 buried after 1 seconds
worker 8 buried after 1 seconds
worker 7 buried after 1 seconds
worker 6 buried after 1 seconds
worker 5 buried after 1 seconds
worker 4 buried after 1 seconds
worker 3 buried after 1 seconds
worker 2 buried after 1 seconds
worker 1 buried after 1 seconds
binary reloading uWSGI...
chdir() to /Users/jc/Dropbox/workspace/runMES/runMES_1908.2p5/runMES
closing all non-uwsgi socket fds > 2 (max_fd = 256)...
found fd 3 mapped to socket 0 (127.0.0.1:55243)
running /Users/jc/Dropbox/workspace/runMES/runMES_1908.2p5/bin/uwsgi
[uWSGI] getting INI configuration from uwsgi.ini
[uwsgi-static] added check for /Users/jc/Dropbox/workspace/runMES/runMES_1908.2p5/runMES/static
