*** Starting uWSGI 2.0.18 (64bit) on [Fri Aug 30 03:24:07 2019] ***
compiled with version: 4.2.1 Compatible Apple LLVM 10.0.1 (clang-1001.0.46.4) on 14 May 2019 06:35:16
os: Darwin-18.7.0 Darwin Kernel Version 18.7.0: Thu Jun 20 18:42:21 PDT 2019; root:xnu-4903.270.47~4/RELEASE_X86_64
nodename: joshuaMBP
machine: x86_64
clock source: unix
pcre jit disabled
detected number of CPU cores: 4
current working directory: /Users/joshuachin1/Dropbox/workspace/runMES/runMES_1908rc2i/runMES
detected binary path: /Users/joshuachin1/Dropbox/workspace/runMES/runMES_1908rc2i/bin/uwsgi
chdir() to /Users/joshuachin1/Dropbox/workspace/runMES/runMES_1908rc2i/runMES/
your processes number limit is 709
your memory page size is 4096 bytes
detected max file descriptor number: 8192
building mime-types dictionary from file /etc/apache2/mime.types...1003 entry found
lock engine: OSX spinlocks
thunder lock: disabled (you can enable it with --thunder-lock)
uWSGI http bound on 0.0.0.0:8000 fd 5
uwsgi socket 0 bound to TCP address 127.0.0.1:49454 (port auto-assigned) fd 4
Python version: 3.6.5 (v3.6.5:f59c0932b4, Mar 28 2018, 03:03:55)  [GCC 4.2.1 (Apple Inc. build 5666) (dot 3)]
Set PythonHome to /Users/joshuachin1/Dropbox/workspace/runMES/runMES_1908rc2i/
*** Python threads support is disabled. You can enable it with --enable-threads ***
Python main interpreter initialized at 0x7f93c5812000
your server socket listen backlog is limited to 100 connections
your mercy for graceful operations on workers is 60 seconds
[uwsgi-cron] command "{ sleep 66 && kill -HUP $(cat /Users/joshuachin1/Dropbox/workspace/runMES/runMES_1908rc2i/uwsgi-master.pid) && ls -tp /Users/joshuachin1/Dropbox/workspace/runMES/runMES_1908rc2i/runMES/uwsgi-* | grep -v '/$' | tail -n +7  | xargs -d '\n' -r rm --; } &" registered as cron task
mapped 1117336 bytes (1091 KB) for 10 cores
*** Operational MODE: preforking ***
WSGI app 0 (mountpoint='') ready in 1 seconds on interpreter 0x7f93c5812000 pid: 2862 (default app)
*** uWSGI is running in multiple interpreter mode ***
gracefully (RE)spawned uWSGI master process (pid: 2862)
spawned uWSGI worker 1 (pid: 18487, cores: 1)
spawned uWSGI worker 2 (pid: 18488, cores: 1)
spawned uWSGI worker 3 (pid: 18489, cores: 1)
spawned uWSGI worker 4 (pid: 18490, cores: 1)
spawned uWSGI worker 5 (pid: 18491, cores: 1)
spawned uWSGI worker 6 (pid: 18492, cores: 1)
spawned uWSGI worker 7 (pid: 18493, cores: 1)
spawned uWSGI worker 8 (pid: 18494, cores: 1)
spawned uWSGI worker 9 (pid: 18495, cores: 1)
spawned uWSGI worker 10 (pid: 18496, cores: 1)
spawned uWSGI http 1 (pid: 18497)
subprocess 18484 exited with code 0
