*** Starting uWSGI 2.0.18 (64bit) on [Wed Aug 28 00:51:59 2019] ***
compiled with version: 4.2.1 Compatible Apple LLVM 10.0.1 (clang-1001.0.46.4) on 14 May 2019 06:35:16
os: Darwin-18.7.0 Darwin Kernel Version 18.7.0: Thu Jun 20 18:42:21 PDT 2019; root:xnu-4903.270.47~4/RELEASE_X86_64
nodename: joshuaMBP
machine: x86_64
clock source: unix
pcre jit disabled
detected number of CPU cores: 4
current working directory: /Users/joshuachin1/Dropbox/workspace/runMES/runMES_1908rc2i/runMES
writing pidfile to /Users/joshuachin1/Dropbox/workspace/runMES/runMES_1908rc2i/uwsgi-master.pid
detected binary path: /Users/joshuachin1/Dropbox/workspace/runMES/runMES_1908rc2i/bin/uwsgi
chdir() to /Users/joshuachin1/Dropbox/workspace/runMES/runMES_1908rc2i/runMES/
your processes number limit is 709
your memory page size is 4096 bytes
detected max file descriptor number: 8192
building mime-types dictionary from file /etc/apache2/mime.types...1003 entry found
lock engine: OSX spinlocks
thunder lock: disabled (you can enable it with --thunder-lock)
uWSGI http bound on 0.0.0.0:8000 fd 4
uwsgi socket 0 bound to TCP address 127.0.0.1:52303 (port auto-assigned) fd 3
Python version: 3.6.5 (v3.6.5:f59c0932b4, Mar 28 2018, 03:03:55)  [GCC 4.2.1 (Apple Inc. build 5666) (dot 3)]
Set PythonHome to /Users/joshuachin1/Dropbox/workspace/runMES/runMES_1908rc2i/
*** Python threads support is disabled. You can enable it with --enable-threads ***
Python main interpreter initialized at 0x7fa7c7805c00
your server socket listen backlog is limited to 100 connections
your mercy for graceful operations on workers is 60 seconds
[uwsgi-cron] command "{ sleep 66 && kill -HUP $(cat /Users/joshuachin1/Dropbox/workspace/runMES/runMES_1908rc2i/uwsgi-master.pid) && ls -tp /Users/joshuachin1/Dropbox/workspace/runMES/runMES_1908rc2i/runMES/uwsgi-* | grep -v '/$' | tail -n +7  | xargs -d '\n' -r rm --; } &" registered as cron task
mapped 1117336 bytes (1091 KB) for 10 cores
*** Operational MODE: preforking ***
WSGI app 0 (mountpoint='') ready in 1 seconds on interpreter 0x7fa7c7805c00 pid: 2716 (default app)
*** uWSGI is running in multiple interpreter mode ***
spawned uWSGI master process (pid: 2716)
spawned uWSGI worker 1 (pid: 2718, cores: 1)
spawned uWSGI worker 2 (pid: 2719, cores: 1)
spawned uWSGI worker 3 (pid: 2720, cores: 1)
spawned uWSGI worker 4 (pid: 2721, cores: 1)
spawned uWSGI worker 5 (pid: 2722, cores: 1)
spawned uWSGI worker 6 (pid: 2723, cores: 1)
spawned uWSGI worker 7 (pid: 2724, cores: 1)
spawned uWSGI worker 8 (pid: 2725, cores: 1)
spawned uWSGI worker 9 (pid: 2726, cores: 1)
spawned uWSGI worker 10 (pid: 2727, cores: 1)
spawned uWSGI http 1 (pid: 2728)
subprocess 2717 exited with code 0
SIGINT/SIGQUIT received...killing workers...
gateway "uWSGI http 1" has been buried (pid: 2728)
worker 10 buried after 1 seconds
worker 9 buried after 1 seconds
worker 8 buried after 1 seconds
worker 7 buried after 1 seconds
worker 6 buried after 1 seconds
worker 5 buried after 1 seconds
worker 4 buried after 1 seconds
worker 3 buried after 1 seconds
worker 2 buried after 1 seconds
worker 1 buried after 1 seconds
goodbye to uWSGI.
VACUUM: pidfile removed.
*** Starting uWSGI 2.0.18 (64bit) on [Wed Aug 28 01:22:52 2019] ***
compiled with version: 4.2.1 Compatible Apple LLVM 10.0.1 (clang-1001.0.46.4) on 14 May 2019 06:35:16
os: Darwin-18.7.0 Darwin Kernel Version 18.7.0: Thu Jun 20 18:42:21 PDT 2019; root:xnu-4903.270.47~4/RELEASE_X86_64
nodename: joshuaMBP
machine: x86_64
clock source: unix
pcre jit disabled
detected number of CPU cores: 4
current working directory: /Users/joshuachin1/Dropbox/workspace/runMES/runMES_1908rc2i/runMES
writing pidfile to /Users/joshuachin1/Dropbox/workspace/runMES/runMES_1908rc2i/uwsgi-master.pid
detected binary path: /Users/joshuachin1/Dropbox/workspace/runMES/runMES_1908rc2i/bin/uwsgi
chdir() to /Users/joshuachin1/Dropbox/workspace/runMES/runMES_1908rc2i/runMES/
your processes number limit is 709
your memory page size is 4096 bytes
detected max file descriptor number: 8192
building mime-types dictionary from file /etc/apache2/mime.types...1003 entry found
lock engine: OSX spinlocks
thunder lock: disabled (you can enable it with --thunder-lock)
uWSGI http bound on 0.0.0.0:8000 fd 4
uwsgi socket 0 bound to TCP address 127.0.0.1:60924 (port auto-assigned) fd 3
Python version: 3.6.5 (v3.6.5:f59c0932b4, Mar 28 2018, 03:03:55)  [GCC 4.2.1 (Apple Inc. build 5666) (dot 3)]
Set PythonHome to /Users/joshuachin1/Dropbox/workspace/runMES/runMES_1908rc2i/
*** Python threads support is disabled. You can enable it with --enable-threads ***
Python main interpreter initialized at 0x7fda3c80da00
your server socket listen backlog is limited to 100 connections
your mercy for graceful operations on workers is 60 seconds
[uwsgi-cron] command "{ sleep 66 && kill -HUP $(cat /Users/joshuachin1/Dropbox/workspace/runMES/runMES_1908rc2i/uwsgi-master.pid) && ls -tp /Users/joshuachin1/Dropbox/workspace/runMES/runMES_1908rc2i/runMES/uwsgi-* | grep -v '/$' | tail -n +7  | xargs -d '\n' -r rm --; } &" registered as cron task
mapped 1117336 bytes (1091 KB) for 10 cores
*** Operational MODE: preforking ***
WSGI app 0 (mountpoint='') ready in 1 seconds on interpreter 0x7fda3c80da00 pid: 2794 (default app)
*** uWSGI is running in multiple interpreter mode ***
spawned uWSGI master process (pid: 2794)
spawned uWSGI worker 1 (pid: 2796, cores: 1)
spawned uWSGI worker 2 (pid: 2797, cores: 1)
spawned uWSGI worker 3 (pid: 2798, cores: 1)
spawned uWSGI worker 4 (pid: 2799, cores: 1)
spawned uWSGI worker 5 (pid: 2800, cores: 1)
spawned uWSGI worker 6 (pid: 2801, cores: 1)
spawned uWSGI worker 7 (pid: 2802, cores: 1)
spawned uWSGI worker 8 (pid: 2803, cores: 1)
spawned uWSGI worker 9 (pid: 2804, cores: 1)
spawned uWSGI worker 10 (pid: 2805, cores: 1)
spawned uWSGI http 1 (pid: 2806)
subprocess 2795 exited with code 0
SIGINT/SIGQUIT received...killing workers...
gateway "uWSGI http 1" has been buried (pid: 2806)
worker 10 buried after 1 seconds
worker 9 buried after 1 seconds
worker 8 buried after 1 seconds
worker 7 buried after 1 seconds
worker 6 buried after 1 seconds
worker 5 buried after 1 seconds
worker 4 buried after 1 seconds
worker 3 buried after 1 seconds
worker 2 buried after 1 seconds
worker 1 buried after 1 seconds
goodbye to uWSGI.
VACUUM: pidfile removed.
*** Starting uWSGI 2.0.18 (64bit) on [Wed Aug 28 01:23:48 2019] ***
compiled with version: 4.2.1 Compatible Apple LLVM 10.0.1 (clang-1001.0.46.4) on 14 May 2019 06:35:16
os: Darwin-18.7.0 Darwin Kernel Version 18.7.0: Thu Jun 20 18:42:21 PDT 2019; root:xnu-4903.270.47~4/RELEASE_X86_64
nodename: joshuaMBP
machine: x86_64
clock source: unix
pcre jit disabled
detected number of CPU cores: 4
current working directory: /Users/joshuachin1/Dropbox/workspace/runMES/runMES_1908rc2i/runMES
writing pidfile to /Users/joshuachin1/Dropbox/workspace/runMES/runMES_1908rc2i/uwsgi-master.pid
detected binary path: /Users/joshuachin1/Dropbox/workspace/runMES/runMES_1908rc2i/bin/uwsgi
chdir() to /Users/joshuachin1/Dropbox/workspace/runMES/runMES_1908rc2i/runMES/
your processes number limit is 709
your memory page size is 4096 bytes
detected max file descriptor number: 8192
building mime-types dictionary from file /etc/apache2/mime.types...1003 entry found
lock engine: OSX spinlocks
thunder lock: disabled (you can enable it with --thunder-lock)
uWSGI http bound on 0.0.0.0:8000 fd 4
uwsgi socket 0 bound to TCP address 127.0.0.1:61125 (port auto-assigned) fd 3
Python version: 3.6.5 (v3.6.5:f59c0932b4, Mar 28 2018, 03:03:55)  [GCC 4.2.1 (Apple Inc. build 5666) (dot 3)]
Set PythonHome to /Users/joshuachin1/Dropbox/workspace/runMES/runMES_1908rc2i/
*** Python threads support is disabled. You can enable it with --enable-threads ***
Python main interpreter initialized at 0x7f8220001e00
your server socket listen backlog is limited to 100 connections
your mercy for graceful operations on workers is 60 seconds
[uwsgi-cron] command "{ sleep 66 && kill -HUP $(cat /Users/joshuachin1/Dropbox/workspace/runMES/runMES_1908rc2i/uwsgi-master.pid) && ls -tp /Users/joshuachin1/Dropbox/workspace/runMES/runMES_1908rc2i/runMES/uwsgi-* | grep -v '/$' | tail -n +7  | xargs -d '\n' -r rm --; } &" registered as cron task
mapped 1117336 bytes (1091 KB) for 10 cores
*** Operational MODE: preforking ***
WSGI app 0 (mountpoint='') ready in 1 seconds on interpreter 0x7f8220001e00 pid: 2862 (default app)
*** uWSGI is running in multiple interpreter mode ***
spawned uWSGI master process (pid: 2862)
spawned uWSGI worker 1 (pid: 2868, cores: 1)
spawned uWSGI worker 2 (pid: 2869, cores: 1)
spawned uWSGI worker 3 (pid: 2871, cores: 1)
spawned uWSGI worker 4 (pid: 2872, cores: 1)
spawned uWSGI worker 5 (pid: 2873, cores: 1)
spawned uWSGI worker 6 (pid: 2874, cores: 1)
spawned uWSGI worker 7 (pid: 2876, cores: 1)
spawned uWSGI worker 8 (pid: 2878, cores: 1)
spawned uWSGI worker 9 (pid: 2879, cores: 1)
spawned uWSGI worker 10 (pid: 2880, cores: 1)
spawned uWSGI http 1 (pid: 2881)
subprocess 2863 exited with code 0
[2019-08-28 01:24:00,086] {'views': 'home', 'user': <SimpleLazyObject: <User: admin10>>, 'request': <WSGIRequest: GET '/'>}
[2019-08-28 01:24:43,473] {'views': 'home', 'user': <SimpleLazyObject: <User: admin10>>, 'request': <WSGIRequest: GET '/'>}
[2019-08-28 01:24:57,252] {'views': 'home', 'user': <SimpleLazyObject: <User: admin10>>, 'request': <WSGIRequest: GET '/'>}
[2019-08-28 01:25:03,293] {'views': 'home', 'user': <SimpleLazyObject: <User: admin10>>, 'request': <WSGIRequest: GET '/'>}
[2019-08-28 01:25:28,068] {'views': 'home', 'user': <SimpleLazyObject: <User: admin10>>, 'request': <WSGIRequest: GET '/'>}
...The work of process 2880 is done. Seeya!
worker 10 killed successfully (pid: 2880)
Respawned uWSGI worker 10 (new pid: 3804)
Wed Aug 28 03:23:00 2019 - [uwsgi-cron] running "{ sleep 66 && kill -HUP $(cat /Users/joshuachin1/Dropbox/workspace/runMES/runMES_1908rc2i/uwsgi-master.pid) && ls -tp /Users/joshuachin1/Dropbox/workspace/runMES/runMES_1908rc2i/runMES/uwsgi-* | grep -v '/$' | tail -n +7  | xargs -d '\n' -r rm --; } &" (pid 4196)
[uwsgi-cron] command "{ sleep 66 && kill -HUP $(cat /Users/joshuachin1/Dropbox/workspace/runMES/runMES_1908rc2i/uwsgi-master.pid) && ls -tp /Users/joshuachin1/Dropbox/workspace/runMES/runMES_1908rc2i/runMES/uwsgi-* | grep -v '/$' | tail -n +7  | xargs -d '\n' -r rm --; } &" running with pid 4196 exited after 1 second(s)
gateway "uWSGI http 1" has been buried (pid: 2881)
...gracefully killing workers...
Gracefully killing worker 1 (pid: 2868)...
Gracefully killing worker 2 (pid: 2869)...
Gracefully killing worker 3 (pid: 2871)...
Gracefully killing worker 4 (pid: 2872)...
Gracefully killing worker 5 (pid: 2873)...
Gracefully killing worker 6 (pid: 2874)...
Gracefully killing worker 7 (pid: 2876)...
Gracefully killing worker 8 (pid: 2878)...
Gracefully killing worker 9 (pid: 2879)...
Gracefully killing worker 10 (pid: 3804)...
xargs: illegal option -- d
usage: xargs [-0opt] [-E eofstr] [-I replstr [-R replacements]] [-J replstr]
             [-L number] [-n number [-x]] [-P maxprocs] [-s size]
             [utility [argument ...]]
worker 10 buried after 1 seconds
worker 9 buried after 1 seconds
worker 8 buried after 1 seconds
worker 7 buried after 1 seconds
worker 6 buried after 1 seconds
worker 5 buried after 1 seconds
worker 4 buried after 1 seconds
worker 3 buried after 1 seconds
worker 2 buried after 1 seconds
worker 1 buried after 1 seconds
binary reloading uWSGI...
chdir() to /Users/joshuachin1/Dropbox/workspace/runMES/runMES_1908rc2i/runMES
closing all non-uwsgi socket fds > 2 (max_fd = 8192)...
found fd 3 mapped to socket 0 (127.0.0.1:61125)
running /Users/joshuachin1/Dropbox/workspace/runMES/runMES_1908rc2i/bin/uwsgi
[uWSGI] getting INI configuration from ./uwsgi.ini
[uwsgi-static] added check for /Users/joshuachin1/Dropbox/workspace/runMES/runMES_1908rc2i/runMES/static
*** Starting uWSGI 2.0.18 (64bit) on [Wed Aug 28 03:24:07 2019] ***
compiled with version: 4.2.1 Compatible Apple LLVM 10.0.1 (clang-1001.0.46.4) on 14 May 2019 06:35:16
os: Darwin-18.7.0 Darwin Kernel Version 18.7.0: Thu Jun 20 18:42:21 PDT 2019; root:xnu-4903.270.47~4/RELEASE_X86_64
nodename: joshuaMBP
machine: x86_64
clock source: unix
pcre jit disabled
detected number of CPU cores: 4
current working directory: /Users/joshuachin1/Dropbox/workspace/runMES/runMES_1908rc2i/runMES
detected binary path: /Users/joshuachin1/Dropbox/workspace/runMES/runMES_1908rc2i/bin/uwsgi
chdir() to /Users/joshuachin1/Dropbox/workspace/runMES/runMES_1908rc2i/runMES/
your processes number limit is 709
your memory page size is 4096 bytes
detected max file descriptor number: 8192
building mime-types dictionary from file /etc/apache2/mime.types...1003 entry found
lock engine: OSX spinlocks
thunder lock: disabled (you can enable it with --thunder-lock)
uWSGI http bound on 0.0.0.0:8000 fd 5
uwsgi socket 0 bound to TCP address 127.0.0.1:51893 (port auto-assigned) fd 4
Python version: 3.6.5 (v3.6.5:f59c0932b4, Mar 28 2018, 03:03:55)  [GCC 4.2.1 (Apple Inc. build 5666) (dot 3)]
Set PythonHome to /Users/joshuachin1/Dropbox/workspace/runMES/runMES_1908rc2i/
*** Python threads support is disabled. You can enable it with --enable-threads ***
Python main interpreter initialized at 0x7fe7b380e800
your server socket listen backlog is limited to 100 connections
your mercy for graceful operations on workers is 60 seconds
[uwsgi-cron] command "{ sleep 66 && kill -HUP $(cat /Users/joshuachin1/Dropbox/workspace/runMES/runMES_1908rc2i/uwsgi-master.pid) && ls -tp /Users/joshuachin1/Dropbox/workspace/runMES/runMES_1908rc2i/runMES/uwsgi-* | grep -v '/$' | tail -n +7  | xargs -d '\n' -r rm --; } &" registered as cron task
mapped 1117336 bytes (1091 KB) for 10 cores
*** Operational MODE: preforking ***
WSGI app 0 (mountpoint='') ready in 1 seconds on interpreter 0x7fe7b380e800 pid: 2862 (default app)
*** uWSGI is running in multiple interpreter mode ***
gracefully (RE)spawned uWSGI master process (pid: 2862)
spawned uWSGI worker 1 (pid: 4214, cores: 1)
spawned uWSGI worker 2 (pid: 4215, cores: 1)
spawned uWSGI worker 3 (pid: 4216, cores: 1)
spawned uWSGI worker 4 (pid: 4217, cores: 1)
spawned uWSGI worker 5 (pid: 4218, cores: 1)
spawned uWSGI worker 6 (pid: 4219, cores: 1)
spawned uWSGI worker 7 (pid: 4220, cores: 1)
spawned uWSGI worker 8 (pid: 4221, cores: 1)
spawned uWSGI worker 9 (pid: 4222, cores: 1)
spawned uWSGI worker 10 (pid: 4223, cores: 1)
spawned uWSGI http 1 (pid: 4224)
subprocess 4212 exited with code 0
Gracefully killing worker 10 (pid: 4223)...
Gracefully killing worker 9 (pid: 4222)...
Gracefully killing worker 8 (pid: 4221)...
Gracefully killing worker 7 (pid: 4220)...
Gracefully killing worker 6 (pid: 4219)...
Gracefully killing worker 5 (pid: 4218)...
Gracefully killing worker 4 (pid: 4217)...
Gracefully killing worker 3 (pid: 4216)...
Gracefully killing worker 2 (pid: 4215)...
Gracefully killing worker 1 (pid: 4214)...
gateway "uWSGI http 1" has been buried (pid: 4224)
...gracefully killing workers...
worker 10 buried after 1 seconds
worker 9 buried after 1 seconds
worker 8 buried after 1 seconds
worker 7 buried after 1 seconds
worker 6 buried after 1 seconds
worker 5 buried after 1 seconds
worker 4 buried after 1 seconds
worker 3 buried after 1 seconds
worker 2 buried after 1 seconds
worker 1 buried after 1 seconds
binary reloading uWSGI...
chdir() to /Users/joshuachin1/Dropbox/workspace/runMES/runMES_1908rc2i/runMES
closing all non-uwsgi socket fds > 2 (max_fd = 8192)...
found fd 4 mapped to socket 0 (127.0.0.1:51893)
running /Users/joshuachin1/Dropbox/workspace/runMES/runMES_1908rc2i/bin/uwsgi
[uWSGI] getting INI configuration from ./uwsgi.ini
[uwsgi-static] added check for /Users/joshuachin1/Dropbox/workspace/runMES/runMES_1908rc2i/runMES/static
*** Starting uWSGI 2.0.18 (64bit) on [Wed Aug 28 10:45:19 2019] ***
compiled with version: 4.2.1 Compatible Apple LLVM 10.0.1 (clang-1001.0.46.4) on 14 May 2019 06:35:16
os: Darwin-18.7.0 Darwin Kernel Version 18.7.0: Thu Jun 20 18:42:21 PDT 2019; root:xnu-4903.270.47~4/RELEASE_X86_64
nodename: joshuaMBP
machine: x86_64
clock source: unix
pcre jit disabled
detected number of CPU cores: 4
current working directory: /Users/joshuachin1/Dropbox/workspace/runMES/runMES_1908rc2i/runMES
detected binary path: /Users/joshuachin1/Dropbox/workspace/runMES/runMES_1908rc2i/bin/uwsgi
chdir() to /Users/joshuachin1/Dropbox/workspace/runMES/runMES_1908rc2i/runMES/
your processes number limit is 709
your memory page size is 4096 bytes
detected max file descriptor number: 8192
building mime-types dictionary from file /etc/apache2/mime.types...1003 entry found
lock engine: OSX spinlocks
thunder lock: disabled (you can enable it with --thunder-lock)
uWSGI http bound on 0.0.0.0:8000 fd 5
uwsgi socket 0 bound to TCP address 127.0.0.1:55650 (port auto-assigned) fd 3
Python version: 3.6.5 (v3.6.5:f59c0932b4, Mar 28 2018, 03:03:55)  [GCC 4.2.1 (Apple Inc. build 5666) (dot 3)]
Set PythonHome to /Users/joshuachin1/Dropbox/workspace/runMES/runMES_1908rc2i/
*** Python threads support is disabled. You can enable it with --enable-threads ***
Python main interpreter initialized at 0x7fc258801e00
your server socket listen backlog is limited to 100 connections
your mercy for graceful operations on workers is 60 seconds
[uwsgi-cron] command "{ sleep 66 && kill -HUP $(cat /Users/joshuachin1/Dropbox/workspace/runMES/runMES_1908rc2i/uwsgi-master.pid) && ls -tp /Users/joshuachin1/Dropbox/workspace/runMES/runMES_1908rc2i/runMES/uwsgi-* | grep -v '/$' | tail -n +7  | xargs -d '\n' -r rm --; } &" registered as cron task
mapped 1117336 bytes (1091 KB) for 10 cores
*** Operational MODE: preforking ***
WSGI app 0 (mountpoint='') ready in 1 seconds on interpreter 0x7fc258801e00 pid: 2862 (default app)
*** uWSGI is running in multiple interpreter mode ***
gracefully (RE)spawned uWSGI master process (pid: 2862)
spawned uWSGI worker 1 (pid: 7386, cores: 1)
spawned uWSGI worker 2 (pid: 7387, cores: 1)
spawned uWSGI worker 3 (pid: 7388, cores: 1)
spawned uWSGI worker 4 (pid: 7389, cores: 1)
spawned uWSGI worker 5 (pid: 7390, cores: 1)
spawned uWSGI worker 6 (pid: 7391, cores: 1)
spawned uWSGI worker 7 (pid: 7392, cores: 1)
spawned uWSGI worker 8 (pid: 7393, cores: 1)
spawned uWSGI worker 9 (pid: 7394, cores: 1)
spawned uWSGI worker 10 (pid: 7395, cores: 1)
spawned uWSGI http 1 (pid: 7396)
subprocess 7384 exited with code 0
Fri Aug 30 03:23:00 2019 - [uwsgi-cron] running "{ sleep 66 && kill -HUP $(cat /Users/joshuachin1/Dropbox/workspace/runMES/runMES_1908rc2i/uwsgi-master.pid) && ls -tp /Users/joshuachin1/Dropbox/workspace/runMES/runMES_1908rc2i/runMES/uwsgi-* | grep -v '/$' | tail -n +7  | xargs -d '\n' -r rm --; } &" (pid 18471)
[uwsgi-cron] command "{ sleep 66 && kill -HUP $(cat /Users/joshuachin1/Dropbox/workspace/runMES/runMES_1908rc2i/uwsgi-master.pid) && ls -tp /Users/joshuachin1/Dropbox/workspace/runMES/runMES_1908rc2i/runMES/uwsgi-* | grep -v '/$' | tail -n +7  | xargs -d '\n' -r rm --; } &" running with pid 18471 exited after 1 second(s)
gateway "uWSGI http 1" has been buried (pid: 7396)
...gracefully killing workers...
Gracefully killing worker 9 (pid: 7394)...
Gracefully killing worker 10 (pid: 7395)...
Gracefully killing worker 1 (pid: 7386)...
Gracefully killing worker 2 (pid: 7387)...
Gracefully killing worker 6 (pid: 7391)...
Gracefully killing worker 7 (pid: 7392)...
Gracefully killing worker 3 (pid: 7388)...
Gracefully killing worker 4 (pid: 7389)...
Gracefully killing worker 5 (pid: 7390)...
Gracefully killing worker 8 (pid: 7393)...
xargs: illegal option -- d
usage: xargs [-0opt] [-E eofstr] [-I replstr [-R replacements]] [-J replstr]
             [-L number] [-n number [-x]] [-P maxprocs] [-s size]
             [utility [argument ...]]
worker 10 buried after 1 seconds
worker 9 buried after 1 seconds
worker 8 buried after 1 seconds
worker 7 buried after 1 seconds
worker 6 buried after 1 seconds
worker 5 buried after 1 seconds
worker 4 buried after 1 seconds
worker 3 buried after 1 seconds
worker 2 buried after 1 seconds
worker 1 buried after 1 seconds
binary reloading uWSGI...
chdir() to /Users/joshuachin1/Dropbox/workspace/runMES/runMES_1908rc2i/runMES
closing all non-uwsgi socket fds > 2 (max_fd = 8192)...
found fd 3 mapped to socket 0 (127.0.0.1:55650)
running /Users/joshuachin1/Dropbox/workspace/runMES/runMES_1908rc2i/bin/uwsgi
[uWSGI] getting INI configuration from ./uwsgi.ini
[uwsgi-static] added check for /Users/joshuachin1/Dropbox/workspace/runMES/runMES_1908rc2i/runMES/static
