*** Starting uWSGI 2.0.18 (64bit) on [Sat Aug 31 00:49:14 2019] ***
compiled with version: 4.2.1 Compatible Apple LLVM 7.0.2 (clang-700.1.81) on 15 May 2019 10:25:14
os: Darwin-18.7.0 Darwin Kernel Version 18.7.0: Thu Jun 20 18:42:21 PDT 2019; root:xnu-4903.270.47~4/RELEASE_X86_64
nodename: joshuaMBP
machine: x86_64
clock source: unix
pcre jit disabled
detected number of CPU cores: 12
current working directory: /Users/jc/Dropbox/workspace/runMES/runMES_1908p5/runMES
writing pidfile to /Users/jc/Dropbox/workspace/runMES/runMES_1908p5/uwsgi-master.pid
detected binary path: /Users/jc/Dropbox/workspace/runMES/runMES_1908p5/bin/uwsgi
chdir() to /Users/jc/Dropbox/workspace/runMES/runMES_1908p5/runMES/
your processes number limit is 1418
your memory page size is 4096 bytes
detected max file descriptor number: 10496
building mime-types dictionary from file /etc/apache2/mime.types...1003 entry found
lock engine: OSX spinlocks
thunder lock: disabled (you can enable it with --thunder-lock)
uWSGI http bound on 0.0.0.0:8000 fd 4
uwsgi socket 0 bound to TCP address 127.0.0.1:60211 (port auto-assigned) fd 3
Python version: 3.6.4 (v3.6.4:d48ecebad5, Dec 18 2017, 21:07:28)  [GCC 4.2.1 (Apple Inc. build 5666) (dot 3)]
Set PythonHome to /Users/jc/Dropbox/workspace/runMES/runMES_1908p5/
*** Python threads support is disabled. You can enable it with --enable-threads ***
Python main interpreter initialized at 0x7fbf1c000a00
your server socket listen backlog is limited to 100 connections
your mercy for graceful operations on workers is 60 seconds
[uwsgi-cron] command "{ sleep 66 && kill -HUP $(cat /Users/jc/Dropbox/workspace/runMES/runMES_1908p5/uwsgi-master.pid) && ls -tp /Users/jc/Dropbox/workspace/runMES/runMES_1908p5/runMES/uwsgi-* | grep -v '/$' | tail -n +7  | xargs -d '\n' -r rm --; } &" registered as cron task
mapped 1117336 bytes (1091 KB) for 10 cores
*** Operational MODE: preforking ***
WSGI app 0 (mountpoint='') ready in 1 seconds on interpreter 0x7fbf1c000a00 pid: 59324 (default app)
*** uWSGI is running in multiple interpreter mode ***
spawned uWSGI master process (pid: 59324)
spawned uWSGI worker 1 (pid: 59326, cores: 1)
spawned uWSGI worker 2 (pid: 59327, cores: 1)
spawned uWSGI worker 3 (pid: 59328, cores: 1)
spawned uWSGI worker 4 (pid: 59329, cores: 1)
spawned uWSGI worker 5 (pid: 59330, cores: 1)
spawned uWSGI worker 6 (pid: 59331, cores: 1)
spawned uWSGI worker 7 (pid: 59332, cores: 1)
spawned uWSGI worker 8 (pid: 59333, cores: 1)
spawned uWSGI worker 9 (pid: 59334, cores: 1)
spawned uWSGI worker 10 (pid: 59335, cores: 1)
spawned uWSGI http 1 (pid: 59336)
subprocess 59325 exited with code 0
gateway "uWSGI http 1" has been buried (pid: 59336)
...brutally killing workers...
worker 10 buried after 1 seconds
worker 9 buried after 1 seconds
worker 8 buried after 1 seconds
worker 7 buried after 1 seconds
worker 6 buried after 1 seconds
worker 5 buried after 1 seconds
worker 4 buried after 1 seconds
worker 3 buried after 1 seconds
worker 2 buried after 1 seconds
worker 1 buried after 1 seconds
binary reloading uWSGI...
chdir() to /Users/jc/Dropbox/workspace/runMES/runMES_1908p5/runMES
closing all non-uwsgi socket fds > 2 (max_fd = 10496)...
found fd 3 mapped to socket 0 (127.0.0.1:60211)
running /Users/jc/Dropbox/workspace/runMES/runMES_1908p5/bin/uwsgi
[uWSGI] getting INI configuration from ./uwsgi.ini
[uwsgi-static] added check for /Users/jc/Dropbox/workspace/runMES/runMES_1908p5/runMES/static
*** Starting uWSGI 2.0.18 (64bit) on [Sat Aug 31 01:17:04 2019] ***
compiled with version: 4.2.1 Compatible Apple LLVM 7.0.2 (clang-700.1.81) on 15 May 2019 10:25:14
os: Darwin-18.7.0 Darwin Kernel Version 18.7.0: Thu Jun 20 18:42:21 PDT 2019; root:xnu-4903.270.47~4/RELEASE_X86_64
nodename: joshuaMBP
machine: x86_64
clock source: unix
pcre jit disabled
detected number of CPU cores: 12
current working directory: /Users/jc/Dropbox/workspace/runMES/runMES_1908p5/runMES
detected binary path: /Users/jc/Dropbox/workspace/runMES/runMES_1908p5/bin/uwsgi
chdir() to /Users/jc/Dropbox/workspace/runMES/runMES_1908p5/runMES/
your processes number limit is 1418
your memory page size is 4096 bytes
detected max file descriptor number: 10496
building mime-types dictionary from file /etc/apache2/mime.types...1003 entry found
lock engine: OSX spinlocks
thunder lock: disabled (you can enable it with --thunder-lock)
uWSGI http bound on 0.0.0.0:8000 fd 5
uwsgi socket 0 bound to TCP address 127.0.0.1:65262 (port auto-assigned) fd 4
Python version: 3.6.4 (v3.6.4:d48ecebad5, Dec 18 2017, 21:07:28)  [GCC 4.2.1 (Apple Inc. build 5666) (dot 3)]
Set PythonHome to /Users/jc/Dropbox/workspace/runMES/runMES_1908p5/
*** Python threads support is disabled. You can enable it with --enable-threads ***
Python main interpreter initialized at 0x7f94ee814000
your server socket listen backlog is limited to 100 connections
your mercy for graceful operations on workers is 60 seconds
[uwsgi-cron] command "{ sleep 66 && kill -HUP $(cat /Users/jc/Dropbox/workspace/runMES/runMES_1908p5/uwsgi-master.pid) && ls -tp /Users/jc/Dropbox/workspace/runMES/runMES_1908p5/runMES/uwsgi-* | grep -v '/$' | tail -n +7  | xargs -d '\n' -r rm --; } &" registered as cron task
mapped 1117336 bytes (1091 KB) for 10 cores
*** Operational MODE: preforking ***
WSGI app 0 (mountpoint='') ready in 1 seconds on interpreter 0x7f94ee814000 pid: 59324 (default app)
*** uWSGI is running in multiple interpreter mode ***
gracefully (RE)spawned uWSGI master process (pid: 59324)
spawned uWSGI worker 1 (pid: 60309, cores: 1)
spawned uWSGI worker 2 (pid: 60310, cores: 1)
spawned uWSGI worker 3 (pid: 60311, cores: 1)
spawned uWSGI worker 4 (pid: 60312, cores: 1)
spawned uWSGI worker 5 (pid: 60313, cores: 1)
spawned uWSGI worker 6 (pid: 60314, cores: 1)
spawned uWSGI worker 7 (pid: 60315, cores: 1)
spawned uWSGI worker 8 (pid: 60316, cores: 1)
spawned uWSGI worker 9 (pid: 60317, cores: 1)
spawned uWSGI worker 10 (pid: 60318, cores: 1)
spawned uWSGI http 1 (pid: 60319)
subprocess 60308 exited with code 0
Sat Aug 31 01:17:37 2019 - uWSGI worker 10 screams: UAAAAAAH my master disconnected: i will kill myself !!!
Sat Aug 31 01:17:37 2019 - uWSGI worker 9 screams: UAAAAAAH my master disconnected: i will kill myself !!!
Sat Aug 31 01:17:37 2019 - uWSGI worker 3 screams: UAAAAAAH my master disconnected: i will kill myself !!!
Sat Aug 31 01:17:37 2019 - uWSGI worker 8 screams: UAAAAAAH my master disconnected: i will kill myself !!!
Sat Aug 31 01:17:37 2019 - uWSGI worker 4 screams: UAAAAAAH my master disconnected: i will kill myself !!!
Sat Aug 31 01:17:37 2019 - uWSGI worker 7 screams: UAAAAAAH my master disconnected: i will kill myself !!!
Sat Aug 31 01:17:37 2019 - uWSGI worker 6 screams: UAAAAAAH my master disconnected: i will kill myself !!!
Sat Aug 31 01:17:37 2019 - uWSGI worker 2 screams: UAAAAAAH my master disconnected: i will kill myself !!!
Sat Aug 31 01:17:37 2019 - uWSGI worker 5 screams: UAAAAAAH my master disconnected: i will kill myself !!!
Sat Aug 31 01:17:37 2019 - uWSGI worker 1 screams: UAAAAAAH my master disconnected: i will kill myself !!!
[uwsgi-http] unable to connect() to node "127.0.0.1:65262" (0 retries): Connection refused
[uwsgi-http] unable to connect() to node "127.0.0.1:65262" (1 retries): Connection refused
[uwsgi-http] unable to connect() to node "127.0.0.1:65262" (2 retries): Connection refused
[uwsgi-http] unable to connect() to node "127.0.0.1:65262" (3 retries): Connection refused
[uwsgi-http] unable to connect() to node "127.0.0.1:65262" (0 retries): Connection refused
[uwsgi-http] unable to connect() to node "127.0.0.1:65262" (1 retries): Connection refused
[uwsgi-http] unable to connect() to node "127.0.0.1:65262" (2 retries): Connection refused
[uwsgi-http] unable to connect() to node "127.0.0.1:65262" (3 retries): Connection refused
*** Starting uWSGI 2.0.18 (64bit) on [Sat Aug 31 01:18:58 2019] ***
compiled with version: 4.2.1 Compatible Apple LLVM 7.0.2 (clang-700.1.81) on 15 May 2019 10:25:14
os: Darwin-18.7.0 Darwin Kernel Version 18.7.0: Thu Jun 20 18:42:21 PDT 2019; root:xnu-4903.270.47~4/RELEASE_X86_64
nodename: joshuaMBP
machine: x86_64
clock source: unix
pcre jit disabled
detected number of CPU cores: 12
current working directory: /Users/jc/Dropbox/workspace/runMES/runMES_1908p5/runMES
writing pidfile to /Users/jc/Dropbox/workspace/runMES/runMES_1908p5/uwsgi-master.pid
detected binary path: /Users/jc/Dropbox/workspace/runMES/runMES_1908p5/bin/uwsgi
chdir() to /Users/jc/Dropbox/workspace/runMES/runMES_1908p5/runMES/
your processes number limit is 1418
your memory page size is 4096 bytes
detected max file descriptor number: 10496
building mime-types dictionary from file /etc/apache2/mime.types...1003 entry found
lock engine: OSX spinlocks
thunder lock: disabled (you can enable it with --thunder-lock)
uWSGI http bound on 0.0.0.0:8000 fd 4
uwsgi socket 0 bound to TCP address 127.0.0.1:65456 (port auto-assigned) fd 3
Python version: 3.6.4 (v3.6.4:d48ecebad5, Dec 18 2017, 21:07:28)  [GCC 4.2.1 (Apple Inc. build 5666) (dot 3)]
Set PythonHome to /Users/jc/Dropbox/workspace/runMES/runMES_1908p5/
*** Python threads support is disabled. You can enable it with --enable-threads ***
Python main interpreter initialized at 0x7faef0801e00
your server socket listen backlog is limited to 100 connections
your mercy for graceful operations on workers is 60 seconds
[uwsgi-cron] command "{ sleep 66 && kill -HUP $(cat /Users/jc/Dropbox/workspace/runMES/runMES_1908p5/uwsgi-master.pid) && ls -tp /Users/jc/Dropbox/workspace/runMES/runMES_1908p5/runMES/uwsgi-* | grep -v '/$' | tail -n +7  | xargs -d '\n' -r rm --; } &" registered as cron task
mapped 1117336 bytes (1091 KB) for 10 cores
*** Operational MODE: preforking ***
WSGI app 0 (mountpoint='') ready in 1 seconds on interpreter 0x7faef0801e00 pid: 60381 (default app)
*** uWSGI is running in multiple interpreter mode ***
spawned uWSGI master process (pid: 60381)
spawned uWSGI worker 1 (pid: 60384, cores: 1)
spawned uWSGI worker 2 (pid: 60385, cores: 1)
spawned uWSGI worker 3 (pid: 60386, cores: 1)
spawned uWSGI worker 4 (pid: 60387, cores: 1)
spawned uWSGI worker 5 (pid: 60388, cores: 1)
spawned uWSGI worker 6 (pid: 60389, cores: 1)
spawned uWSGI worker 7 (pid: 60390, cores: 1)
spawned uWSGI worker 8 (pid: 60391, cores: 1)
spawned uWSGI worker 9 (pid: 60392, cores: 1)
spawned uWSGI worker 10 (pid: 60393, cores: 1)
spawned uWSGI http 1 (pid: 60394)
subprocess 60383 exited with code 0
SIGINT/SIGQUIT received...killing workers...
gateway "uWSGI http 1" has been buried (pid: 60394)
worker 10 buried after 1 seconds
worker 9 buried after 1 seconds
worker 8 buried after 1 seconds
worker 7 buried after 1 seconds
worker 6 buried after 1 seconds
worker 5 buried after 1 seconds
worker 4 buried after 1 seconds
worker 3 buried after 1 seconds
worker 2 buried after 1 seconds
worker 1 buried after 1 seconds
goodbye to uWSGI.
VACUUM: pidfile removed.
*** Starting uWSGI 2.0.18 (64bit) on [Sat Aug 31 01:22:58 2019] ***
compiled with version: 4.2.1 Compatible Apple LLVM 7.0.2 (clang-700.1.81) on 15 May 2019 10:25:14
os: Darwin-18.7.0 Darwin Kernel Version 18.7.0: Thu Jun 20 18:42:21 PDT 2019; root:xnu-4903.270.47~4/RELEASE_X86_64
nodename: joshuaMBP
machine: x86_64
clock source: unix
pcre jit disabled
detected number of CPU cores: 12
current working directory: /Users/jc/Dropbox/workspace/runMES/runMES_1908p5/runMES
writing pidfile to /Users/jc/Dropbox/workspace/runMES/runMES_1908p5/uwsgi-master.pid
detected binary path: /Users/jc/Dropbox/workspace/runMES/runMES_1908p5/bin/uwsgi
chdir() to /Users/jc/Dropbox/workspace/runMES/runMES_1908p5/runMES/
your processes number limit is 1418
your memory page size is 4096 bytes
detected max file descriptor number: 10496
building mime-types dictionary from file /etc/apache2/mime.types...1003 entry found
lock engine: OSX spinlocks
thunder lock: disabled (you can enable it with --thunder-lock)
uWSGI http bound on 0.0.0.0:8000 fd 4
uwsgi socket 0 bound to TCP address 127.0.0.1:49715 (port auto-assigned) fd 3
Python version: 3.6.4 (v3.6.4:d48ecebad5, Dec 18 2017, 21:07:28)  [GCC 4.2.1 (Apple Inc. build 5666) (dot 3)]
Set PythonHome to /Users/jc/Dropbox/workspace/runMES/runMES_1908p5/
*** Python threads support is disabled. You can enable it with --enable-threads ***
Python main interpreter initialized at 0x7fd643001e00
your server socket listen backlog is limited to 100 connections
your mercy for graceful operations on workers is 60 seconds
[uwsgi-cron] command "{ sleep 66 && kill -HUP $(cat /Users/jc/Dropbox/workspace/runMES/runMES_1908p5/uwsgi-master.pid) && ls -tp /Users/jc/Dropbox/workspace/runMES/runMES_1908p5/runMES/uwsgi-* | grep -v '/$' | tail -n +7  | xargs -d '\n' -r rm --; } &" registered as cron task
mapped 1117336 bytes (1091 KB) for 10 cores
*** Operational MODE: preforking ***
WSGI app 0 (mountpoint='') ready in 1 seconds on interpreter 0x7fd643001e00 pid: 60546 (default app)
*** uWSGI is running in multiple interpreter mode ***
spawned uWSGI master process (pid: 60546)
spawned uWSGI worker 1 (pid: 60549, cores: 1)
spawned uWSGI worker 2 (pid: 60550, cores: 1)
spawned uWSGI worker 3 (pid: 60551, cores: 1)
spawned uWSGI worker 4 (pid: 60552, cores: 1)
spawned uWSGI worker 5 (pid: 60553, cores: 1)
spawned uWSGI worker 6 (pid: 60554, cores: 1)
spawned uWSGI worker 7 (pid: 60555, cores: 1)
spawned uWSGI worker 8 (pid: 60556, cores: 1)
spawned uWSGI worker 9 (pid: 60557, cores: 1)
spawned uWSGI worker 10 (pid: 60558, cores: 1)
spawned uWSGI http 1 (pid: 60559)
subprocess 60547 exited with code 0
SIGINT/SIGQUIT received...killing workers...
gateway "uWSGI http 1" has been buried (pid: 60559)
worker 10 buried after 1 seconds
worker 9 buried after 1 seconds
worker 8 buried after 1 seconds
worker 7 buried after 1 seconds
worker 6 buried after 1 seconds
worker 5 buried after 1 seconds
worker 4 buried after 1 seconds
worker 3 buried after 1 seconds
worker 2 buried after 1 seconds
worker 1 buried after 1 seconds
goodbye to uWSGI.
VACUUM: pidfile removed.
*** Starting uWSGI 2.0.18 (64bit) on [Sat Aug 31 01:24:44 2019] ***
compiled with version: 4.2.1 Compatible Apple LLVM 7.0.2 (clang-700.1.81) on 15 May 2019 10:25:14
os: Darwin-18.7.0 Darwin Kernel Version 18.7.0: Thu Jun 20 18:42:21 PDT 2019; root:xnu-4903.270.47~4/RELEASE_X86_64
nodename: joshuaMBP
machine: x86_64
clock source: unix
pcre jit disabled
detected number of CPU cores: 12
current working directory: /Users/jc/Dropbox/workspace/runMES/runMES_1908p5/runMES
writing pidfile to /Users/jc/Dropbox/workspace/runMES/runMES_1908p5/uwsgi-master.pid
detected binary path: /Users/jc/Dropbox/workspace/runMES/runMES_1908p5/bin/uwsgi
chdir() to /Users/jc/Dropbox/workspace/runMES/runMES_1908p5/runMES/
your processes number limit is 1418
your memory page size is 4096 bytes
detected max file descriptor number: 10496
building mime-types dictionary from file /etc/apache2/mime.types...1003 entry found
lock engine: OSX spinlocks
thunder lock: disabled (you can enable it with --thunder-lock)
uWSGI http bound on 0.0.0.0:8000 fd 4
uwsgi socket 0 bound to TCP address 127.0.0.1:50127 (port auto-assigned) fd 3
Python version: 3.6.4 (v3.6.4:d48ecebad5, Dec 18 2017, 21:07:28)  [GCC 4.2.1 (Apple Inc. build 5666) (dot 3)]
Set PythonHome to /Users/jc/Dropbox/workspace/runMES/runMES_1908p5/
*** Python threads support is disabled. You can enable it with --enable-threads ***
Python main interpreter initialized at 0x7fc5ca801e00
your server socket listen backlog is limited to 100 connections
your mercy for graceful operations on workers is 60 seconds
[uwsgi-cron] command "{ sleep 66 && kill -HUP $(cat /Users/jc/Dropbox/workspace/runMES/runMES_1908p5/uwsgi-master.pid) && ls -tp /Users/jc/Dropbox/workspace/runMES/runMES_1908p5/runMES/uwsgi-* | grep -v '/$' | tail -n +7  | xargs -d '\n' -r rm --; } &" registered as cron task
mapped 1117336 bytes (1091 KB) for 10 cores
*** Operational MODE: preforking ***
WSGI app 0 (mountpoint='') ready in 0 seconds on interpreter 0x7fc5ca801e00 pid: 60635 (default app)
*** uWSGI is running in multiple interpreter mode ***
spawned uWSGI master process (pid: 60635)
spawned uWSGI worker 1 (pid: 60637, cores: 1)
spawned uWSGI worker 2 (pid: 60638, cores: 1)
spawned uWSGI worker 3 (pid: 60639, cores: 1)
spawned uWSGI worker 4 (pid: 60640, cores: 1)
spawned uWSGI worker 5 (pid: 60641, cores: 1)
spawned uWSGI worker 6 (pid: 60642, cores: 1)
spawned uWSGI worker 7 (pid: 60643, cores: 1)
spawned uWSGI worker 8 (pid: 60644, cores: 1)
spawned uWSGI worker 9 (pid: 60645, cores: 1)
spawned uWSGI worker 10 (pid: 60646, cores: 1)
spawned uWSGI http 1 (pid: 60647)
subprocess 60636 exited with code 0
[2019-08-31 01:39:24,077] Internal Server Error: /eq/eq_record/
Traceback (most recent call last):
  File "/Users/jc/Dropbox/workspace/runMES/runMES_1908p5/lib/python3.6/site-packages/django/core/handlers/exception.py", line 34, in inner
    response = get_response(request)
  File "/Users/jc/Dropbox/workspace/runMES/runMES_1908p5/lib/python3.6/site-packages/django/core/handlers/base.py", line 115, in _get_response
    response = self.process_exception_by_middleware(e, request)
  File "/Users/jc/Dropbox/workspace/runMES/runMES_1908p5/lib/python3.6/site-packages/django/core/handlers/base.py", line 113, in _get_response
    response = wrapped_callback(request, *callback_args, **callback_kwargs)
  File "/Users/jc/Dropbox/workspace/runMES/runMES_1908p5/lib/python3.6/site-packages/django/contrib/auth/decorators.py", line 21, in _wrapped_view
    return view_func(request, *args, **kwargs)
  File "/Users/jc/Dropbox/workspace/runMES/runMES_1908p5/lib/python3.6/site-packages/django/views/decorators/csrf.py", line 54, in wrapped_view
    return view_func(*args, **kwargs)
  File "./runMES/views.py", line 1692, in eq_record
    if request.session['lang']:
  File "/Users/jc/Dropbox/workspace/runMES/runMES_1908p5/lib/python3.6/site-packages/django/contrib/sessions/backends/base.py", line 54, in __getitem__
    return self._session[key]
KeyError: 'lang'
[pid: 60646|app: 0|req: 137/254] 127.0.0.1 () {50 vars in 1028 bytes} [Sat Aug 31 01:39:24 2019] POST /eq/eq_record/ => generated 27 bytes in 31 msecs (HTTP/1.1 500) 5 headers in 165 bytes (2 switches on core 0)
[2019-08-31 01:39:51,553] Internal Server Error: /eq/eq_record/
Traceback (most recent call last):
  File "/Users/jc/Dropbox/workspace/runMES/runMES_1908p5/lib/python3.6/site-packages/django/core/handlers/exception.py", line 34, in inner
    response = get_response(request)
  File "/Users/jc/Dropbox/workspace/runMES/runMES_1908p5/lib/python3.6/site-packages/django/core/handlers/base.py", line 115, in _get_response
    response = self.process_exception_by_middleware(e, request)
  File "/Users/jc/Dropbox/workspace/runMES/runMES_1908p5/lib/python3.6/site-packages/django/core/handlers/base.py", line 113, in _get_response
    response = wrapped_callback(request, *callback_args, **callback_kwargs)
  File "/Users/jc/Dropbox/workspace/runMES/runMES_1908p5/lib/python3.6/site-packages/django/contrib/auth/decorators.py", line 21, in _wrapped_view
    return view_func(request, *args, **kwargs)
  File "/Users/jc/Dropbox/workspace/runMES/runMES_1908p5/lib/python3.6/site-packages/django/views/decorators/csrf.py", line 54, in wrapped_view
    return view_func(*args, **kwargs)
  File "./runMES/views.py", line 1692, in eq_record
    if request.session['lang']:
  File "/Users/jc/Dropbox/workspace/runMES/runMES_1908p5/lib/python3.6/site-packages/django/contrib/sessions/backends/base.py", line 54, in __getitem__
    return self._session[key]
KeyError: 'lang'
[pid: 60645|app: 0|req: 30/260] 127.0.0.1 () {50 vars in 1027 bytes} [Sat Aug 31 01:39:51 2019] POST /eq/eq_record/ => generated 27 bytes in 16 msecs (HTTP/1.1 500) 5 headers in 165 bytes (1 switches on core 0)
[2019-08-31 01:39:56,219] Internal Server Error: /eq/eq_record/
Traceback (most recent call last):
  File "/Users/jc/Dropbox/workspace/runMES/runMES_1908p5/lib/python3.6/site-packages/django/core/handlers/exception.py", line 34, in inner
    response = get_response(request)
  File "/Users/jc/Dropbox/workspace/runMES/runMES_1908p5/lib/python3.6/site-packages/django/core/handlers/base.py", line 115, in _get_response
    response = self.process_exception_by_middleware(e, request)
  File "/Users/jc/Dropbox/workspace/runMES/runMES_1908p5/lib/python3.6/site-packages/django/core/handlers/base.py", line 113, in _get_response
    response = wrapped_callback(request, *callback_args, **callback_kwargs)
  File "/Users/jc/Dropbox/workspace/runMES/runMES_1908p5/lib/python3.6/site-packages/django/contrib/auth/decorators.py", line 21, in _wrapped_view
    return view_func(request, *args, **kwargs)
  File "/Users/jc/Dropbox/workspace/runMES/runMES_1908p5/lib/python3.6/site-packages/django/views/decorators/csrf.py", line 54, in wrapped_view
    return view_func(*args, **kwargs)
  File "./runMES/views.py", line 1692, in eq_record
    if request.session['lang']:
  File "/Users/jc/Dropbox/workspace/runMES/runMES_1908p5/lib/python3.6/site-packages/django/contrib/sessions/backends/base.py", line 54, in __getitem__
    return self._session[key]
KeyError: 'lang'
[pid: 60640|app: 0|req: 7/262] 127.0.0.1 () {48 vars in 1070 bytes} [Sat Aug 31 01:39:56 2019] GET /eq/eq_record/ => generated 27 bytes in 46 msecs (HTTP/1.1 500) 5 headers in 165 bytes (1 switches on core 0)
SIGINT/SIGQUIT received...killing workers...
gateway "uWSGI http 1" has been buried (pid: 60647)
worker 10 buried after 1 seconds
worker 9 buried after 1 seconds
worker 8 buried after 1 seconds
worker 7 buried after 1 seconds
worker 6 buried after 1 seconds
worker 5 buried after 1 seconds
worker 4 buried after 1 seconds
worker 3 buried after 1 seconds
worker 2 buried after 1 seconds
worker 1 buried after 1 seconds
goodbye to uWSGI.
VACUUM: pidfile removed.
*** Starting uWSGI 2.0.18 (64bit) on [Sat Aug 31 01:40:10 2019] ***
compiled with version: 4.2.1 Compatible Apple LLVM 7.0.2 (clang-700.1.81) on 15 May 2019 10:25:14
os: Darwin-18.7.0 Darwin Kernel Version 18.7.0: Thu Jun 20 18:42:21 PDT 2019; root:xnu-4903.270.47~4/RELEASE_X86_64
nodename: joshuaMBP
machine: x86_64
clock source: unix
pcre jit disabled
detected number of CPU cores: 12
current working directory: /Users/jc/Dropbox/workspace/runMES/runMES_1908p5/runMES
writing pidfile to /Users/jc/Dropbox/workspace/runMES/runMES_1908p5/uwsgi-master.pid
detected binary path: /Users/jc/Dropbox/workspace/runMES/runMES_1908p5/bin/uwsgi
chdir() to /Users/jc/Dropbox/workspace/runMES/runMES_1908p5/runMES/
your processes number limit is 1418
your memory page size is 4096 bytes
detected max file descriptor number: 10496
building mime-types dictionary from file /etc/apache2/mime.types...1003 entry found
lock engine: OSX spinlocks
thunder lock: disabled (you can enable it with --thunder-lock)
uWSGI http bound on 0.0.0.0:8000 fd 4
uwsgi socket 0 bound to TCP address 127.0.0.1:53340 (port auto-assigned) fd 3
Python version: 3.6.4 (v3.6.4:d48ecebad5, Dec 18 2017, 21:07:28)  [GCC 4.2.1 (Apple Inc. build 5666) (dot 3)]
Set PythonHome to /Users/jc/Dropbox/workspace/runMES/runMES_1908p5/
*** Python threads support is disabled. You can enable it with --enable-threads ***
Python main interpreter initialized at 0x7ff2e2800a00
your server socket listen backlog is limited to 100 connections
your mercy for graceful operations on workers is 60 seconds
[uwsgi-cron] command "{ sleep 66 && kill -HUP $(cat /Users/jc/Dropbox/workspace/runMES/runMES_1908p5/uwsgi-master.pid) && ls -tp /Users/jc/Dropbox/workspace/runMES/runMES_1908p5/runMES/uwsgi-* | grep -v '/$' | tail -n +7  | xargs -d '\n' -r rm --; } &" registered as cron task
mapped 1117336 bytes (1091 KB) for 10 cores
*** Operational MODE: preforking ***
WSGI app 0 (mountpoint='') ready in 1 seconds on interpreter 0x7ff2e2800a00 pid: 61234 (default app)
*** uWSGI is running in multiple interpreter mode ***
spawned uWSGI master process (pid: 61234)
spawned uWSGI worker 1 (pid: 61236, cores: 1)
spawned uWSGI worker 2 (pid: 61237, cores: 1)
spawned uWSGI worker 3 (pid: 61238, cores: 1)
spawned uWSGI worker 4 (pid: 61239, cores: 1)
spawned uWSGI worker 5 (pid: 61240, cores: 1)
spawned uWSGI worker 6 (pid: 61241, cores: 1)
spawned uWSGI worker 7 (pid: 61242, cores: 1)
spawned uWSGI worker 8 (pid: 61243, cores: 1)
spawned uWSGI worker 9 (pid: 61244, cores: 1)
spawned uWSGI worker 10 (pid: 61245, cores: 1)
spawned uWSGI http 1 (pid: 61246)
subprocess 61235 exited with code 0
[2019-08-31 01:40:13,613] Internal Server Error: /eq/eq_record/
Traceback (most recent call last):
  File "/Users/jc/Dropbox/workspace/runMES/runMES_1908p5/lib/python3.6/site-packages/django/core/handlers/exception.py", line 34, in inner
    response = get_response(request)
  File "/Users/jc/Dropbox/workspace/runMES/runMES_1908p5/lib/python3.6/site-packages/django/core/handlers/base.py", line 115, in _get_response
    response = self.process_exception_by_middleware(e, request)
  File "/Users/jc/Dropbox/workspace/runMES/runMES_1908p5/lib/python3.6/site-packages/django/core/handlers/base.py", line 113, in _get_response
    response = wrapped_callback(request, *callback_args, **callback_kwargs)
  File "/Users/jc/Dropbox/workspace/runMES/runMES_1908p5/lib/python3.6/site-packages/django/contrib/auth/decorators.py", line 21, in _wrapped_view
    return view_func(request, *args, **kwargs)
  File "/Users/jc/Dropbox/workspace/runMES/runMES_1908p5/lib/python3.6/site-packages/django/views/decorators/csrf.py", line 54, in wrapped_view
    return view_func(*args, **kwargs)
  File "./runMES/views.py", line 1692, in eq_record
    if request.session['lang']:
  File "/Users/jc/Dropbox/workspace/runMES/runMES_1908p5/lib/python3.6/site-packages/django/contrib/sessions/backends/base.py", line 54, in __getitem__
    return self._session[key]
KeyError: 'lang'
[pid: 61242|app: 0|req: 1/2] 127.0.0.1 () {48 vars in 1070 bytes} [Sat Aug 31 01:40:13 2019] GET /eq/eq_record/ => generated 27 bytes in 148 msecs (HTTP/1.1 500) 5 headers in 165 bytes (1 switches on core 0)
...The work of process 61245 is done. Seeya!
worker 10 killed successfully (pid: 61245)
Respawned uWSGI worker 10 (new pid: 63298)
Sat Aug 31 03:23:00 2019 - [uwsgi-cron] running "{ sleep 66 && kill -HUP $(cat /Users/jc/Dropbox/workspace/runMES/runMES_1908p5/uwsgi-master.pid) && ls -tp /Users/jc/Dropbox/workspace/runMES/runMES_1908p5/runMES/uwsgi-* | grep -v '/$' | tail -n +7  | xargs -d '\n' -r rm --; } &" (pid 64859)
[uwsgi-cron] command "{ sleep 66 && kill -HUP $(cat /Users/jc/Dropbox/workspace/runMES/runMES_1908p5/uwsgi-master.pid) && ls -tp /Users/jc/Dropbox/workspace/runMES/runMES_1908p5/runMES/uwsgi-* | grep -v '/$' | tail -n +7  | xargs -d '\n' -r rm --; } &" running with pid 64859 exited after 1 second(s)
gateway "uWSGI http 1" has been buried (pid: 61246)
...gracefully killing workers...
Gracefully killing worker 4 (pid: 61239)...
Gracefully killing worker 2 (pid: 61237)...
Gracefully killing worker 1 (pid: 61236)...
Gracefully killing worker 5 (pid: 61240)...
Gracefully killing worker 3 (pid: 61238)...
Gracefully killing worker 10 (pid: 63298)...
Gracefully killing worker 6 (pid: 61241)...
Gracefully killing worker 8 (pid: 61243)...
Gracefully killing worker 7 (pid: 61242)...
Gracefully killing worker 9 (pid: 61244)...
xargs: illegal option -- d
usage: xargs [-0opt] [-E eofstr] [-I replstr [-R replacements]] [-J replstr]
             [-L number] [-n number [-x]] [-P maxprocs] [-s size]
             [utility [argument ...]]
worker 10 buried after 1 seconds
worker 9 buried after 1 seconds
worker 8 buried after 1 seconds
worker 7 buried after 1 seconds
worker 6 buried after 1 seconds
worker 5 buried after 1 seconds
worker 4 buried after 1 seconds
worker 3 buried after 1 seconds
worker 2 buried after 1 seconds
worker 1 buried after 1 seconds
binary reloading uWSGI...
chdir() to /Users/jc/Dropbox/workspace/runMES/runMES_1908p5/runMES
closing all non-uwsgi socket fds > 2 (max_fd = 10496)...
found fd 3 mapped to socket 0 (127.0.0.1:53340)
running /Users/jc/Dropbox/workspace/runMES/runMES_1908p5/bin/uwsgi
[uWSGI] getting INI configuration from uwsgi.ini
[uwsgi-static] added check for /Users/jc/Dropbox/workspace/runMES/runMES_1908p5/runMES/static
*** Starting uWSGI 2.0.18 (64bit) on [Sat Aug 31 03:24:07 2019] ***
compiled with version: 4.2.1 Compatible Apple LLVM 7.0.2 (clang-700.1.81) on 15 May 2019 10:25:14
os: Darwin-18.7.0 Darwin Kernel Version 18.7.0: Thu Jun 20 18:42:21 PDT 2019; root:xnu-4903.270.47~4/RELEASE_X86_64
nodename: joshuaMBP
machine: x86_64
clock source: unix
pcre jit disabled
detected number of CPU cores: 12
current working directory: /Users/jc/Dropbox/workspace/runMES/runMES_1908p5/runMES
detected binary path: /Users/jc/Dropbox/workspace/runMES/runMES_1908p5/bin/uwsgi
chdir() to /Users/jc/Dropbox/workspace/runMES/runMES_1908p5/runMES/
your processes number limit is 1418
your memory page size is 4096 bytes
detected max file descriptor number: 10496
building mime-types dictionary from file /etc/apache2/mime.types...1003 entry found
lock engine: OSX spinlocks
thunder lock: disabled (you can enable it with --thunder-lock)
uWSGI http bound on 0.0.0.0:8000 fd 5
uwsgi socket 0 bound to TCP address 127.0.0.1:51520 (port auto-assigned) fd 4
Python version: 3.6.4 (v3.6.4:d48ecebad5, Dec 18 2017, 21:07:28)  [GCC 4.2.1 (Apple Inc. build 5666) (dot 3)]
Set PythonHome to /Users/jc/Dropbox/workspace/runMES/runMES_1908p5/
*** Python threads support is disabled. You can enable it with --enable-threads ***
Python main interpreter initialized at 0x7f8b2c013a00
your server socket listen backlog is limited to 100 connections
your mercy for graceful operations on workers is 60 seconds
[uwsgi-cron] command "{ sleep 66 && kill -HUP $(cat /Users/jc/Dropbox/workspace/runMES/runMES_1908p5/uwsgi-master.pid) && ls -tp /Users/jc/Dropbox/workspace/runMES/runMES_1908p5/runMES/uwsgi-* | grep -v '/$' | tail -n +7  | xargs -d '\n' -r rm --; } &" registered as cron task
mapped 1117336 bytes (1091 KB) for 10 cores
*** Operational MODE: preforking ***
WSGI app 0 (mountpoint='') ready in 1 seconds on interpreter 0x7f8b2c013a00 pid: 61234 (default app)
*** uWSGI is running in multiple interpreter mode ***
gracefully (RE)spawned uWSGI master process (pid: 61234)
spawned uWSGI worker 1 (pid: 64908, cores: 1)
spawned uWSGI worker 2 (pid: 64909, cores: 1)
spawned uWSGI worker 3 (pid: 64910, cores: 1)
spawned uWSGI worker 4 (pid: 64911, cores: 1)
spawned uWSGI worker 5 (pid: 64912, cores: 1)
spawned uWSGI worker 6 (pid: 64913, cores: 1)
spawned uWSGI worker 7 (pid: 64914, cores: 1)
spawned uWSGI worker 8 (pid: 64915, cores: 1)
spawned uWSGI worker 9 (pid: 64916, cores: 1)
spawned uWSGI worker 10 (pid: 64917, cores: 1)
spawned uWSGI http 1 (pid: 64918)
subprocess 64907 exited with code 0
...The work of process 64917 is done. Seeya!
worker 10 killed successfully (pid: 64917)
Respawned uWSGI worker 10 (new pid: 66580)
...The work of process 66580 is done. Seeya!
worker 10 killed successfully (pid: 66580)
Respawned uWSGI worker 10 (new pid: 68254)
...The work of process 68254 is done. Seeya!
worker 10 killed successfully (pid: 68254)
Respawned uWSGI worker 10 (new pid: 69807)
...The work of process 69807 is done. Seeya!
worker 10 killed successfully (pid: 69807)
Respawned uWSGI worker 10 (new pid: 71606)
...The work of process 71606 is done. Seeya!
worker 10 killed successfully (pid: 71606)
Respawned uWSGI worker 10 (new pid: 73243)
...The work of process 73243 is done. Seeya!
worker 10 killed successfully (pid: 73243)
Respawned uWSGI worker 10 (new pid: 74975)
...The work of process 74975 is done. Seeya!
worker 10 killed successfully (pid: 74975)
Respawned uWSGI worker 10 (new pid: 76672)
