*** Starting uWSGI 2.0.18 (64bit) on [Wed Sep  4 15:07:33 2019] ***
compiled with version: 4.2.1 Compatible Apple LLVM 7.0.2 (clang-700.1.81) on 15 May 2019 10:25:14
os: Darwin-18.7.0 Darwin Kernel Version 18.7.0: Thu Jun 20 18:42:21 PDT 2019; root:xnu-4903.270.47~4/RELEASE_X86_64
nodename: joshuaMBP
machine: x86_64
clock source: unix
pcre jit disabled
detected number of CPU cores: 12
current working directory: /Users/jc/Dropbox/workspace/runMES/runMES_1908.1p5/runMES
writing pidfile to /Users/jc/Dropbox/workspace/runMES/runMES_1908.1p5/uwsgi-master.pid
detected binary path: /Users/jc/Dropbox/workspace/runMES/runMES_1908.1p5/bin/uwsgi
chdir() to /Users/jc/Dropbox/workspace/runMES/runMES_1908.1p5/runMES/
your processes number limit is 1418
your memory page size is 4096 bytes
detected max file descriptor number: 8192
building mime-types dictionary from file /etc/apache2/mime.types...1003 entry found
lock engine: OSX spinlocks
thunder lock: disabled (you can enable it with --thunder-lock)
uWSGI http bound on 0.0.0.0:8000 fd 4
uwsgi socket 0 bound to TCP address 127.0.0.1:60113 (port auto-assigned) fd 3
Python version: 3.6.4 (v3.6.4:d48ecebad5, Dec 18 2017, 21:07:28)  [GCC 4.2.1 (Apple Inc. build 5666) (dot 3)]
Set PythonHome to /Users/jc/Dropbox/workspace/runMES/runMES_1908.1p5/
*** Python threads support is disabled. You can enable it with --enable-threads ***
Python main interpreter initialized at 0x7f7f45814a00
your server socket listen backlog is limited to 100 connections
your mercy for graceful operations on workers is 60 seconds
[uwsgi-cron] command "{ sleep 66 && kill -HUP $(cat /Users/jc/Dropbox/workspace/runMES/runMES_1908.1p5/uwsgi-master.pid) && ls -tp /Users/jc/Dropbox/workspace/runMES/runMES_1908.1p5/runMES/uwsgi-* | grep -v '/$' | tail -n +7  | xargs -d '\n' -r rm --; } &" registered as cron task
mapped 1117336 bytes (1091 KB) for 10 cores
*** Operational MODE: preforking ***
WSGI app 0 (mountpoint='') ready in 0 seconds on interpreter 0x7f7f45814a00 pid: 79570 (default app)
*** uWSGI is running in multiple interpreter mode ***
spawned uWSGI master process (pid: 79570)
spawned uWSGI worker 1 (pid: 79574, cores: 1)
spawned uWSGI worker 2 (pid: 79575, cores: 1)
spawned uWSGI worker 3 (pid: 79576, cores: 1)
spawned uWSGI worker 4 (pid: 79577, cores: 1)
spawned uWSGI worker 5 (pid: 79578, cores: 1)
spawned uWSGI worker 6 (pid: 79579, cores: 1)
spawned uWSGI worker 7 (pid: 79580, cores: 1)
spawned uWSGI worker 8 (pid: 79581, cores: 1)
spawned uWSGI worker 9 (pid: 79582, cores: 1)
spawned uWSGI worker 10 (pid: 79583, cores: 1)
spawned uWSGI http 1 (pid: 79584)
subprocess 79571 exited with code 0
[2019-09-04 15:07:55,261] Not Found: /static/admin/jsi18n.html/
[2019-09-04 15:07:55,490] Not Found: /apple-touch-icon-precomposed.png
[2019-09-04 15:07:55,588] Not Found: /apple-touch-icon.png
...The work of process 79583 is done. Seeya!
worker 10 killed successfully (pid: 79583)
Respawned uWSGI worker 10 (new pid: 84273)
...The work of process 79582 is done. Seeya!
worker 9 killed successfully (pid: 79582)
Respawned uWSGI worker 9 (new pid: 86280)
Thu Sep  5 03:23:00 2019 - [uwsgi-cron] running "{ sleep 66 && kill -HUP $(cat /Users/jc/Dropbox/workspace/runMES/runMES_1908.1p5/uwsgi-master.pid) && ls -tp /Users/jc/Dropbox/workspace/runMES/runMES_1908.1p5/runMES/uwsgi-* | grep -v '/$' | tail -n +7  | xargs -d '\n' -r rm --; } &" (pid 96077)
[uwsgi-cron] command "{ sleep 66 && kill -HUP $(cat /Users/jc/Dropbox/workspace/runMES/runMES_1908.1p5/uwsgi-master.pid) && ls -tp /Users/jc/Dropbox/workspace/runMES/runMES_1908.1p5/runMES/uwsgi-* | grep -v '/$' | tail -n +7  | xargs -d '\n' -r rm --; } &" running with pid 96077 exited after 1 second(s)
gateway "uWSGI http 1" has been buried (pid: 79584)
...gracefully killing workers...
Gracefully killing worker 1 (pid: 79574)...
Gracefully killing worker 5 (pid: 79578)...
Gracefully killing worker 2 (pid: 79575)...
Gracefully killing worker 4 (pid: 79577)...
Gracefully killing worker 7 (pid: 79580)...
Gracefully killing worker 6 (pid: 79579)...
Gracefully killing worker 8 (pid: 79581)...
Gracefully killing worker 9 (pid: 86280)...
Gracefully killing worker 3 (pid: 79576)...
Gracefully killing worker 10 (pid: 84273)...
xargs: illegal option -- d
usage: xargs [-0opt] [-E eofstr] [-I replstr [-R replacements]] [-J replstr]
             [-L number] [-n number [-x]] [-P maxprocs] [-s size]
             [utility [argument ...]]
worker 9 buried after 1 seconds
worker 10 buried after 1 seconds
worker 8 buried after 1 seconds
worker 7 buried after 1 seconds
worker 6 buried after 1 seconds
worker 5 buried after 1 seconds
worker 4 buried after 1 seconds
worker 3 buried after 1 seconds
worker 2 buried after 1 seconds
worker 1 buried after 1 seconds
binary reloading uWSGI...
chdir() to /Users/jc/Dropbox/workspace/runMES/runMES_1908.1p5/runMES
closing all non-uwsgi socket fds > 2 (max_fd = 8192)...
found fd 3 mapped to socket 0 (127.0.0.1:60113)
running /Users/jc/Dropbox/workspace/runMES/runMES_1908.1p5/bin/uwsgi
[uWSGI] getting INI configuration from ./uwsgi.ini
[uwsgi-static] added check for /Users/jc/Dropbox/workspace/runMES/runMES_1908.1p5/runMES/static
