*** Starting uWSGI 2.0.18 (64bit) on [Mon Jul 29 03:56:57 2019] ***
compiled with version: 4.2.1 Compatible Apple LLVM 10.0.1 (clang-1001.0.46.4) on 14 May 2019 06:35:16
os: Darwin-18.6.0 Darwin Kernel Version 18.6.0: Thu Apr 25 23:16:27 PDT 2019; root:xnu-4903.261.4~2/RELEASE_X86_64
nodename: joshuaMBP
machine: x86_64
clock source: unix
pcre jit disabled
detected number of CPU cores: 4
current working directory: /Users/joshuachin1/Dropbox/workspace/runMES/runMES_1907rc3i/runMES
detected binary path: /Users/joshuachin1/Dropbox/workspace/runMES/runMES_1907rc3i/bin/uwsgi
chdir() to /Users/joshuachin1/Dropbox/workspace/runMES/runMES_1907rc3i/runMES/
your processes number limit is 709
your memory page size is 4096 bytes
detected max file descriptor number: 10240
building mime-types dictionary from file /etc/apache2/mime.types...1003 entry found
lock engine: OSX spinlocks
thunder lock: disabled (you can enable it with --thunder-lock)
uWSGI http bound on localhost:8000 fd 5
uwsgi socket 0 bound to TCP address 127.0.0.1:51386 (port auto-assigned) fd 3
Python version: 3.6.5 (v3.6.5:f59c0932b4, Mar 28 2018, 03:03:55)  [GCC 4.2.1 (Apple Inc. build 5666) (dot 3)]
Set PythonHome to /Users/joshuachin1/Dropbox/workspace/runMES/runMES_1907rc3i/
*** Python threads support is disabled. You can enable it with --enable-threads ***
Python main interpreter initialized at 0x7fe9dc001e00
your server socket listen backlog is limited to 100 connections
your mercy for graceful operations on workers is 60 seconds
[uwsgi-cron] command "{ sleep 66 && kill -HUP $(cat /Users/joshuachin1/Dropbox/workspace/runMES/runMES_1907rc3i/uwsgi-master.pid) && ls -tp /Users/joshuachin1/Dropbox/workspace/runMES/runMES_1907rc3i/runMES/uwsgi-* | grep -v '/$' | tail -n +7  | xargs -d '\n' -r rm --; } &" registered as cron task
mapped 1117336 bytes (1091 KB) for 10 cores
*** Operational MODE: preforking ***
WSGI app 0 (mountpoint='') ready in 1 seconds on interpreter 0x7fe9dc001e00 pid: 20690 (default app)
*** uWSGI is running in multiple interpreter mode ***
gracefully (RE)spawned uWSGI master process (pid: 20690)
spawned uWSGI worker 1 (pid: 40390, cores: 1)
spawned uWSGI worker 2 (pid: 40391, cores: 1)
spawned uWSGI worker 3 (pid: 40392, cores: 1)
spawned uWSGI worker 4 (pid: 40393, cores: 1)
spawned uWSGI worker 5 (pid: 40394, cores: 1)
spawned uWSGI worker 6 (pid: 40395, cores: 1)
spawned uWSGI worker 7 (pid: 40396, cores: 1)
spawned uWSGI worker 8 (pid: 40397, cores: 1)
spawned uWSGI worker 9 (pid: 40398, cores: 1)
spawned uWSGI worker 10 (pid: 40399, cores: 1)
spawned uWSGI http 1 (pid: 40400)
subprocess 40387 exited with code 0
[2019-07-29 11:45:14,611] Not Found: /static/admin/jsi18n.html/
[2019-07-29 11:45:14,754] Not Found: /static/admin/jsi18n.html/
[2019-07-29 11:45:26,807] Not Found: /static/admin/jsi18n.html/
[2019-07-29 11:45:43,389] Not Found: /static/admin/jsi18n.html/
[2019-07-29 11:45:43,436] Not Found: /static/admin/jsi18n.html/
[2019-07-29 11:45:52,692] Not Found: /static/admin/jsi18n.html/
[2019-07-29 11:45:52,732] Not Found: /static/admin/jsi18n.html/
[2019-07-29 11:57:22,883] Not Found: /static/admin/jsi18n.html/
[2019-07-29 11:59:06,409] Not Found: /static/admin/jsi18n.html/
[2019-07-29 11:59:06,474] Not Found: /static/admin/jsi18n.html/
[2019-07-29 11:59:19,866] Not Found: /static/admin/jsi18n.html/
[2019-07-29 11:59:19,914] Not Found: /static/admin/jsi18n.html/
[2019-07-29 11:59:32,091] Not Found: /static/admin/jsi18n.html/
[2019-07-29 11:59:32,132] Not Found: /static/admin/jsi18n.html/
[2019-07-29 11:59:57,028] Not Found: /static/admin/jsi18n.html/
[2019-07-29 11:59:57,064] Not Found: /static/admin/jsi18n.html/
[2019-07-29 12:02:30,848] Not Found: /static/admin/jsi18n.html/
[2019-07-29 12:02:40,021] Not Found: /static/admin/jsi18n.html/
...The work of process 40399 is done. Seeya!
worker 10 killed successfully (pid: 40399)
Respawned uWSGI worker 10 (new pid: 41722)
...The work of process 40398 is done. Seeya!
worker 9 killed successfully (pid: 40398)
Respawned uWSGI worker 9 (new pid: 42353)
/Users/joshuachin1/Dropbox/workspace/runMES/runMES_1907rc3i/lib/python3.6/site-packages/django/db/models/fields/__init__.py:1421: RuntimeWarning: DateTimeField WorkOrder.target_date received a naive datetime (2019-07-29 00:00:00) while time zone support is active.
  RuntimeWarning)
/Users/joshuachin1/Dropbox/workspace/runMES/runMES_1907rc3i/lib/python3.6/site-packages/django/db/models/fields/__init__.py:1421: RuntimeWarning: DateTimeField WorkOrderHist.target_date received a naive datetime (2019-07-29 00:00:00) while time zone support is active.
  RuntimeWarning)
SIGINT/SIGQUIT received...killing workers...
gateway "uWSGI http 1" has been buried (pid: 40400)
worker 9 buried after 1 seconds
worker 10 buried after 1 seconds
worker 8 buried after 1 seconds
worker 7 buried after 1 seconds
worker 6 buried after 1 seconds
worker 5 buried after 1 seconds
worker 4 buried after 1 seconds
worker 3 buried after 1 seconds
worker 2 buried after 1 seconds
worker 1 buried after 1 seconds
goodbye to uWSGI.
VACUUM: pidfile removed.
*** Starting uWSGI 2.0.18 (64bit) on [Mon Jul 29 23:48:07 2019] ***
compiled with version: 4.2.1 Compatible Apple LLVM 10.0.1 (clang-1001.0.46.4) on 14 May 2019 06:35:16
os: Darwin-18.6.0 Darwin Kernel Version 18.6.0: Thu Apr 25 23:16:27 PDT 2019; root:xnu-4903.261.4~2/RELEASE_X86_64
nodename: joshuaMBP
machine: x86_64
clock source: unix
pcre jit disabled
detected number of CPU cores: 4
current working directory: /Users/joshuachin1/Dropbox/workspace/runMES/runMES_1907rc3i/runMES
writing pidfile to /Users/joshuachin1/Dropbox/workspace/runMES/runMES_1907rc3i/uwsgi-master.pid
detected binary path: /Users/joshuachin1/Dropbox/workspace/runMES/runMES_1907rc3i/bin/uwsgi
chdir() to /Users/joshuachin1/Dropbox/workspace/runMES/runMES_1907rc3i/runMES/
your processes number limit is 709
your memory page size is 4096 bytes
detected max file descriptor number: 10240
building mime-types dictionary from file /etc/apache2/mime.types...1003 entry found
lock engine: OSX spinlocks
thunder lock: disabled (you can enable it with --thunder-lock)
uWSGI http bound on localhost:8000 fd 4
uwsgi socket 0 bound to TCP address 127.0.0.1:57600 (port auto-assigned) fd 3
Python version: 3.6.5 (v3.6.5:f59c0932b4, Mar 28 2018, 03:03:55)  [GCC 4.2.1 (Apple Inc. build 5666) (dot 3)]
Set PythonHome to /Users/joshuachin1/Dropbox/workspace/runMES/runMES_1907rc3i/
*** Python threads support is disabled. You can enable it with --enable-threads ***
Python main interpreter initialized at 0x7f85ff803200
your server socket listen backlog is limited to 100 connections
your mercy for graceful operations on workers is 60 seconds
[uwsgi-cron] command "{ sleep 66 && kill -HUP $(cat /Users/joshuachin1/Dropbox/workspace/runMES/runMES_1907rc3i/uwsgi-master.pid) && ls -tp /Users/joshuachin1/Dropbox/workspace/runMES/runMES_1907rc3i/runMES/uwsgi-* | grep -v '/$' | tail -n +7  | xargs -d '\n' -r rm --; } &" registered as cron task
mapped 1117336 bytes (1091 KB) for 10 cores
*** Operational MODE: preforking ***
WSGI app 0 (mountpoint='') ready in 1 seconds on interpreter 0x7f85ff803200 pid: 46127 (default app)
*** uWSGI is running in multiple interpreter mode ***
spawned uWSGI master process (pid: 46127)
spawned uWSGI worker 1 (pid: 46134, cores: 1)
spawned uWSGI worker 2 (pid: 46135, cores: 1)
spawned uWSGI worker 3 (pid: 46136, cores: 1)
spawned uWSGI worker 4 (pid: 46137, cores: 1)
spawned uWSGI worker 5 (pid: 46138, cores: 1)
spawned uWSGI worker 6 (pid: 46139, cores: 1)
spawned uWSGI worker 7 (pid: 46140, cores: 1)
spawned uWSGI worker 8 (pid: 46141, cores: 1)
spawned uWSGI worker 9 (pid: 46142, cores: 1)
spawned uWSGI worker 10 (pid: 46143, cores: 1)
spawned uWSGI http 1 (pid: 46144)
subprocess 46131 exited with code 0
SIGINT/SIGQUIT received...killing workers...
gateway "uWSGI http 1" has been buried (pid: 46144)
worker 10 buried after 2 seconds
worker 9 buried after 2 seconds
worker 8 buried after 2 seconds
worker 7 buried after 2 seconds
worker 6 buried after 2 seconds
worker 5 buried after 2 seconds
worker 4 buried after 2 seconds
worker 3 buried after 2 seconds
worker 2 buried after 2 seconds
worker 1 buried after 2 seconds
goodbye to uWSGI.
VACUUM: pidfile removed.
