*** Starting uWSGI 2.0.18 (64bit) on [Tue Jul 23 03:24:07 2019] ***
compiled with version: 4.2.1 Compatible Apple LLVM 10.0.1 (clang-1001.0.46.4) on 14 May 2019 06:35:16
os: Darwin-18.6.0 Darwin Kernel Version 18.6.0: Thu Apr 25 23:16:27 PDT 2019; root:xnu-4903.261.4~2/RELEASE_X86_64
nodename: joshuaMBP
machine: x86_64
clock source: unix
pcre jit disabled
detected number of CPU cores: 4
current working directory: /Users/joshuachin1/Dropbox/workspace/runMES/runMES_1907rc3i/runMES
detected binary path: /Users/joshuachin1/Dropbox/workspace/runMES/runMES_1907rc3i/bin/uwsgi
chdir() to /Users/joshuachin1/Dropbox/workspace/runMES/runMES_1907rc3i/runMES/
your processes number limit is 709
your memory page size is 4096 bytes
detected max file descriptor number: 10240
building mime-types dictionary from file /etc/apache2/mime.types...1003 entry found
lock engine: OSX spinlocks
thunder lock: disabled (you can enable it with --thunder-lock)
uWSGI http bound on localhost:8000 fd 5
uwsgi socket 0 bound to TCP address 127.0.0.1:59664 (port auto-assigned) fd 4
Python version: 3.6.5 (v3.6.5:f59c0932b4, Mar 28 2018, 03:03:55)  [GCC 4.2.1 (Apple Inc. build 5666) (dot 3)]
Set PythonHome to /Users/joshuachin1/Dropbox/workspace/runMES/runMES_1907rc3i/
*** Python threads support is disabled. You can enable it with --enable-threads ***
Python main interpreter initialized at 0x7fd2e0802200
your server socket listen backlog is limited to 100 connections
your mercy for graceful operations on workers is 60 seconds
[uwsgi-cron] command "{ sleep 66 && kill -HUP $(cat /Users/joshuachin1/Dropbox/workspace/runMES/runMES_1907rc3i/uwsgi-master.pid) && ls -tp /Users/joshuachin1/Dropbox/workspace/runMES/runMES_1907rc3i/runMES/uwsgi-* | grep -v '/$' | tail -n +7  | xargs -d '\n' -r rm --; } &" registered as cron task
mapped 1117336 bytes (1091 KB) for 10 cores
*** Operational MODE: preforking ***
WSGI app 0 (mountpoint='') ready in 2 seconds on interpreter 0x7fd2e0802200 pid: 20690 (default app)
*** uWSGI is running in multiple interpreter mode ***
gracefully (RE)spawned uWSGI master process (pid: 20690)
spawned uWSGI worker 1 (pid: 22412, cores: 1)
spawned uWSGI worker 2 (pid: 22413, cores: 1)
spawned uWSGI worker 3 (pid: 22414, cores: 1)
spawned uWSGI worker 4 (pid: 22415, cores: 1)
spawned uWSGI worker 5 (pid: 22416, cores: 1)
spawned uWSGI worker 6 (pid: 22417, cores: 1)
spawned uWSGI worker 7 (pid: 22418, cores: 1)
spawned uWSGI worker 8 (pid: 22419, cores: 1)
spawned uWSGI worker 9 (pid: 22420, cores: 1)
spawned uWSGI worker 10 (pid: 22421, cores: 1)
spawned uWSGI http 1 (pid: 22422)
subprocess 22411 exited with code 0
[2019-07-25 18:23:00,169] Not Found: /apple-touch-icon-precomposed.png
[2019-07-25 18:23:00,198] Not Found: /apple-touch-icon.png
/Users/joshuachin1/Dropbox/workspace/runMES/runMES_1907rc3i/lib/python3.6/site-packages/django/db/models/fields/__init__.py:1421: RuntimeWarning: DateTimeField WorkOrder.target_date received a naive datetime (2019-07-25 00:00:00) while time zone support is active.
  RuntimeWarning)
/Users/joshuachin1/Dropbox/workspace/runMES/runMES_1907rc3i/lib/python3.6/site-packages/django/db/models/fields/__init__.py:1421: RuntimeWarning: DateTimeField WorkOrderHist.target_date received a naive datetime (2019-07-25 00:00:00) while time zone support is active.
  RuntimeWarning)
Mon Jul 29 03:23:00 2019 - [uwsgi-cron] running "{ sleep 66 && kill -HUP $(cat /Users/joshuachin1/Dropbox/workspace/runMES/runMES_1907rc3i/uwsgi-master.pid) && ls -tp /Users/joshuachin1/Dropbox/workspace/runMES/runMES_1907rc3i/runMES/uwsgi-* | grep -v '/$' | tail -n +7  | xargs -d '\n' -r rm --; } &" (pid 40323)
[uwsgi-cron] command "{ sleep 66 && kill -HUP $(cat /Users/joshuachin1/Dropbox/workspace/runMES/runMES_1907rc3i/uwsgi-master.pid) && ls -tp /Users/joshuachin1/Dropbox/workspace/runMES/runMES_1907rc3i/runMES/uwsgi-* | grep -v '/$' | tail -n +7  | xargs -d '\n' -r rm --; } &" running with pid 40323 exited after 1 second(s)
gateway "uWSGI http 1" has been buried (pid: 22422)
...gracefully killing workers...
Gracefully killing worker 1 (pid: 22412)...
Gracefully killing worker 2 (pid: 22413)...
Gracefully killing worker 5 (pid: 22416)...
Gracefully killing worker 6 (pid: 22417)...
Gracefully killing worker 7 (pid: 22418)...
Gracefully killing worker 8 (pid: 22419)...
Gracefully killing worker 9 (pid: 22420)...
Gracefully killing worker 10 (pid: 22421)...
Gracefully killing worker 3 (pid: 22414)...
Gracefully killing worker 4 (pid: 22415)...
xargs: illegal option -- d
usage: xargs [-0opt] [-E eofstr] [-I replstr [-R replacements]] [-J replstr]
             [-L number] [-n number [-x]] [-P maxprocs] [-s size]
             [utility [argument ...]]
worker 10 buried after 1 seconds
worker 9 buried after 1 seconds
worker 8 buried after 1 seconds
worker 7 buried after 1 seconds
worker 6 buried after 1 seconds
worker 5 buried after 1 seconds
worker 4 buried after 1 seconds
worker 3 buried after 1 seconds
worker 2 buried after 1 seconds
worker 1 buried after 1 seconds
binary reloading uWSGI...
chdir() to /Users/joshuachin1/Dropbox/workspace/runMES/runMES_1907rc3i/runMES
closing all non-uwsgi socket fds > 2 (max_fd = 10240)...
found fd 4 mapped to socket 0 (127.0.0.1:59664)
running /Users/joshuachin1/Dropbox/workspace/runMES/runMES_1907rc3i/bin/uwsgi
[uWSGI] getting INI configuration from ./uwsgi.ini
[uwsgi-static] added check for /Users/joshuachin1/Dropbox/workspace/runMES/runMES_1907rc3i/runMES/static
