*** Starting uWSGI 2.0.18 (64bit) on [Tue Sep  3 03:24:07 2019] ***
compiled with version: 4.2.1 Compatible Apple LLVM 10.0.1 (clang-1001.0.46.4) on 14 May 2019 06:35:16
os: Darwin-18.7.0 Darwin Kernel Version 18.7.0: Thu Jun 20 18:42:21 PDT 2019; root:xnu-4903.270.47~4/RELEASE_X86_64
nodename: joshuaMBP
machine: x86_64
clock source: unix
pcre jit disabled
detected number of CPU cores: 4
current working directory: /Users/joshuachin1/Dropbox/workspace/runMES/runMES_1908.1i/runMES
detected binary path: /Users/joshuachin1/Dropbox/workspace/runMES/runMES_1908.1i/bin/uwsgi
chdir() to /Users/joshuachin1/Dropbox/workspace/runMES/runMES_1908.1i/runMES/
your processes number limit is 709
your memory page size is 4096 bytes
detected max file descriptor number: 8192
building mime-types dictionary from file /etc/apache2/mime.types...1003 entry found
lock engine: OSX spinlocks
thunder lock: disabled (you can enable it with --thunder-lock)
uWSGI http bound on 0.0.0.0:8000 fd 5
uwsgi socket 0 bound to TCP address 127.0.0.1:58489 (port auto-assigned) fd 4
Python version: 3.6.5 (v3.6.5:f59c0932b4, Mar 28 2018, 03:03:55)  [GCC 4.2.1 (Apple Inc. build 5666) (dot 3)]
Set PythonHome to /Users/joshuachin1/Dropbox/workspace/runMES/runMES_1908.1i/
*** Python threads support is disabled. You can enable it with --enable-threads ***
Python main interpreter initialized at 0x7fed31012600
your server socket listen backlog is limited to 100 connections
your mercy for graceful operations on workers is 60 seconds
[uwsgi-cron] command "{ sleep 66 && kill -HUP $(cat /Users/joshuachin1/Dropbox/workspace/runMES/runMES_1908.1i/uwsgi-master.pid) && ls -tp /Users/joshuachin1/Dropbox/workspace/runMES/runMES_1908.1i/runMES/uwsgi-* | grep -v '/$' | tail -n +7  | xargs -d '\n' -r rm --; } &" registered as cron task
mapped 1117336 bytes (1091 KB) for 10 cores
*** Operational MODE: preforking ***
WSGI app 0 (mountpoint='') ready in 1 seconds on interpreter 0x7fed31012600 pid: 50532 (default app)
*** uWSGI is running in multiple interpreter mode ***
gracefully (RE)spawned uWSGI master process (pid: 50532)
spawned uWSGI worker 1 (pid: 52963, cores: 1)
spawned uWSGI worker 2 (pid: 52964, cores: 1)
spawned uWSGI worker 3 (pid: 52965, cores: 1)
spawned uWSGI worker 4 (pid: 52966, cores: 1)
spawned uWSGI worker 5 (pid: 52967, cores: 1)
spawned uWSGI worker 6 (pid: 52968, cores: 1)
spawned uWSGI worker 7 (pid: 52969, cores: 1)
spawned uWSGI worker 8 (pid: 52970, cores: 1)
spawned uWSGI worker 9 (pid: 52971, cores: 1)
spawned uWSGI worker 10 (pid: 52972, cores: 1)
spawned uWSGI http 1 (pid: 52973)
subprocess 52962 exited with code 0
...The work of process 52971 is done. Seeya!
worker 9 killed successfully (pid: 52971)
Respawned uWSGI worker 9 (new pid: 56149)
SIGINT/SIGQUIT received...killing workers...
gateway "uWSGI http 1" has been buried (pid: 52973)
worker 9 buried after 1 seconds
worker 10 buried after 1 seconds
worker 8 buried after 1 seconds
worker 7 buried after 1 seconds
worker 6 buried after 1 seconds
worker 5 buried after 1 seconds
worker 4 buried after 1 seconds
worker 3 buried after 1 seconds
worker 2 buried after 1 seconds
worker 1 buried after 1 seconds
goodbye to uWSGI.
VACUUM: pidfile removed.
*** Starting uWSGI 2.0.18 (64bit) on [Tue Sep  3 12:30:48 2019] ***
compiled with version: 4.2.1 Compatible Apple LLVM 10.0.1 (clang-1001.0.46.4) on 14 May 2019 06:35:16
os: Darwin-18.7.0 Darwin Kernel Version 18.7.0: Thu Jun 20 18:42:21 PDT 2019; root:xnu-4903.270.47~4/RELEASE_X86_64
nodename: joshuaMBP
machine: x86_64
clock source: unix
pcre jit disabled
detected number of CPU cores: 4
current working directory: /Users/joshuachin1/Dropbox/workspace/runMES/runMES_1908.1i/runMES
writing pidfile to /Users/joshuachin1/Dropbox/workspace/runMES/runMES_1908.1i/uwsgi-master.pid
detected binary path: /Users/joshuachin1/Dropbox/workspace/runMES/runMES_1908.1i/bin/uwsgi
chdir() to /Users/joshuachin1/Dropbox/workspace/runMES/runMES_1908.1i/runMES/
your processes number limit is 709
your memory page size is 4096 bytes
detected max file descriptor number: 8192
building mime-types dictionary from file /etc/apache2/mime.types...1003 entry found
lock engine: OSX spinlocks
thunder lock: disabled (you can enable it with --thunder-lock)
uWSGI http bound on 0.0.0.0:8000 fd 4
uwsgi socket 0 bound to TCP address 127.0.0.1:56730 (port auto-assigned) fd 3
Python version: 3.6.5 (v3.6.5:f59c0932b4, Mar 28 2018, 03:03:55)  [GCC 4.2.1 (Apple Inc. build 5666) (dot 3)]
Set PythonHome to /Users/joshuachin1/Dropbox/workspace/runMES/runMES_1908.1i/
*** Python threads support is disabled. You can enable it with --enable-threads ***
Python main interpreter initialized at 0x7f9cfc801a00
your server socket listen backlog is limited to 100 connections
your mercy for graceful operations on workers is 60 seconds
[uwsgi-cron] command "{ sleep 66 && kill -HUP $(cat /Users/joshuachin1/Dropbox/workspace/runMES/runMES_1908.1i/uwsgi-master.pid) && ls -tp /Users/joshuachin1/Dropbox/workspace/runMES/runMES_1908.1i/runMES/uwsgi-* | grep -v '/$' | tail -n +7  | xargs -d '\n' -r rm --; } &" registered as cron task
mapped 1117336 bytes (1091 KB) for 10 cores
*** Operational MODE: preforking ***
WSGI app 0 (mountpoint='') ready in 1 seconds on interpreter 0x7f9cfc801a00 pid: 56651 (default app)
*** uWSGI is running in multiple interpreter mode ***
spawned uWSGI master process (pid: 56651)
spawned uWSGI worker 1 (pid: 56653, cores: 1)
spawned uWSGI worker 2 (pid: 56654, cores: 1)
spawned uWSGI worker 3 (pid: 56655, cores: 1)
spawned uWSGI worker 4 (pid: 56656, cores: 1)
spawned uWSGI worker 5 (pid: 56657, cores: 1)
spawned uWSGI worker 6 (pid: 56658, cores: 1)
spawned uWSGI worker 7 (pid: 56659, cores: 1)
spawned uWSGI worker 8 (pid: 56660, cores: 1)
spawned uWSGI worker 9 (pid: 56661, cores: 1)
spawned uWSGI worker 10 (pid: 56662, cores: 1)
spawned uWSGI http 1 (pid: 56663)
subprocess 56652 exited with code 0
SIGINT/SIGQUIT received...killing workers...
gateway "uWSGI http 1" has been buried (pid: 56663)
worker 10 buried after 1 seconds
worker 9 buried after 1 seconds
worker 8 buried after 1 seconds
worker 7 buried after 1 seconds
worker 6 buried after 1 seconds
worker 5 buried after 1 seconds
worker 4 buried after 1 seconds
worker 3 buried after 1 seconds
worker 2 buried after 1 seconds
worker 1 buried after 1 seconds
goodbye to uWSGI.
VACUUM: pidfile removed.
