*** Starting uWSGI 2.0.18 (64bit) on [Mon Sep  2 23:09:56 2019] ***
compiled with version: 4.2.1 Compatible Apple LLVM 10.0.1 (clang-1001.0.46.4) on 14 May 2019 06:35:16
os: Darwin-18.7.0 Darwin Kernel Version 18.7.0: Thu Jun 20 18:42:21 PDT 2019; root:xnu-4903.270.47~4/RELEASE_X86_64
nodename: joshuaMBP
machine: x86_64
clock source: unix
pcre jit disabled
detected number of CPU cores: 4
current working directory: /Users/joshuachin1/Dropbox/workspace/runMES/runMES_1908.1i/runMES
writing pidfile to /Users/joshuachin1/Dropbox/workspace/runMES/runMES_1908.1i/uwsgi-master.pid
detected binary path: /Users/joshuachin1/Dropbox/workspace/runMES/runMES_1908.1i/bin/uwsgi
chdir() to /Users/joshuachin1/Dropbox/workspace/runMES/runMES_1908.1i/runMES/
your processes number limit is 709
your memory page size is 4096 bytes
detected max file descriptor number: 8192
building mime-types dictionary from file /etc/apache2/mime.types...1003 entry found
lock engine: OSX spinlocks
thunder lock: disabled (you can enable it with --thunder-lock)
probably another instance of uWSGI is running on the same address (0.0.0.0:8000).
bind(): Address already in use [core/socket.c line 769]
VACUUM: pidfile removed.
*** Starting uWSGI 2.0.18 (64bit) on [Mon Sep  2 23:13:41 2019] ***
compiled with version: 4.2.1 Compatible Apple LLVM 10.0.1 (clang-1001.0.46.4) on 14 May 2019 06:35:16
os: Darwin-18.7.0 Darwin Kernel Version 18.7.0: Thu Jun 20 18:42:21 PDT 2019; root:xnu-4903.270.47~4/RELEASE_X86_64
nodename: joshuaMBP
machine: x86_64
clock source: unix
pcre jit disabled
detected number of CPU cores: 4
current working directory: /Users/joshuachin1/Dropbox/workspace/runMES/runMES_1908.1i/runMES
writing pidfile to /Users/joshuachin1/Dropbox/workspace/runMES/runMES_1908.1i/uwsgi-master.pid
detected binary path: /Users/joshuachin1/Dropbox/workspace/runMES/runMES_1908.1i/bin/uwsgi
chdir() to /Users/joshuachin1/Dropbox/workspace/runMES/runMES_1908.1i/runMES/
your processes number limit is 709
your memory page size is 4096 bytes
detected max file descriptor number: 8192
building mime-types dictionary from file /etc/apache2/mime.types...1003 entry found
lock engine: OSX spinlocks
thunder lock: disabled (you can enable it with --thunder-lock)
uWSGI http bound on 0.0.0.0:8000 fd 4
uwsgi socket 0 bound to TCP address 127.0.0.1:51437 (port auto-assigned) fd 3
Python version: 3.6.5 (v3.6.5:f59c0932b4, Mar 28 2018, 03:03:55)  [GCC 4.2.1 (Apple Inc. build 5666) (dot 3)]
Set PythonHome to /Users/joshuachin1/Dropbox/workspace/runMES/runMES_1908.1i/
*** Python threads support is disabled. You can enable it with --enable-threads ***
Python main interpreter initialized at 0x7f978580dc00
your server socket listen backlog is limited to 100 connections
your mercy for graceful operations on workers is 60 seconds
[uwsgi-cron] command "{ sleep 66 && kill -HUP $(cat /Users/joshuachin1/Dropbox/workspace/runMES/runMES_1908.1i/uwsgi-master.pid) && ls -tp /Users/joshuachin1/Dropbox/workspace/runMES/runMES_1908.1i/runMES/uwsgi-* | grep -v '/$' | tail -n +7  | xargs -d '\n' -r rm --; } &" registered as cron task
mapped 1117336 bytes (1091 KB) for 10 cores
*** Operational MODE: preforking ***
WSGI app 0 (mountpoint='') ready in 1 seconds on interpreter 0x7f978580dc00 pid: 50532 (default app)
*** uWSGI is running in multiple interpreter mode ***
spawned uWSGI master process (pid: 50532)
spawned uWSGI worker 1 (pid: 50534, cores: 1)
spawned uWSGI worker 2 (pid: 50535, cores: 1)
spawned uWSGI worker 3 (pid: 50536, cores: 1)
spawned uWSGI worker 4 (pid: 50537, cores: 1)
spawned uWSGI worker 5 (pid: 50538, cores: 1)
spawned uWSGI worker 6 (pid: 50539, cores: 1)
spawned uWSGI worker 7 (pid: 50540, cores: 1)
spawned uWSGI worker 8 (pid: 50541, cores: 1)
spawned uWSGI worker 9 (pid: 50542, cores: 1)
spawned uWSGI worker 10 (pid: 50543, cores: 1)
spawned uWSGI http 1 (pid: 50544)
subprocess 50533 exited with code 0
...The work of process 50543 is done. Seeya!
worker 10 killed successfully (pid: 50543)
Respawned uWSGI worker 10 (new pid: 51243)
...The work of process 51243 is done. Seeya!
worker 10 killed successfully (pid: 51243)
Respawned uWSGI worker 10 (new pid: 52048)
Tue Sep  3 03:23:00 2019 - [uwsgi-cron] running "{ sleep 66 && kill -HUP $(cat /Users/joshuachin1/Dropbox/workspace/runMES/runMES_1908.1i/uwsgi-master.pid) && ls -tp /Users/joshuachin1/Dropbox/workspace/runMES/runMES_1908.1i/runMES/uwsgi-* | grep -v '/$' | tail -n +7  | xargs -d '\n' -r rm --; } &" (pid 52948)
[uwsgi-cron] command "{ sleep 66 && kill -HUP $(cat /Users/joshuachin1/Dropbox/workspace/runMES/runMES_1908.1i/uwsgi-master.pid) && ls -tp /Users/joshuachin1/Dropbox/workspace/runMES/runMES_1908.1i/runMES/uwsgi-* | grep -v '/$' | tail -n +7  | xargs -d '\n' -r rm --; } &" running with pid 52948 exited after 1 second(s)
gateway "uWSGI http 1" has been buried (pid: 50544)
...gracefully killing workers...
Gracefully killing worker 2 (pid: 50535)...
Gracefully killing worker 3 (pid: 50536)...
Gracefully killing worker 4 (pid: 50537)...
Gracefully killing worker 6 (pid: 50539)...
Gracefully killing worker 9 (pid: 50542)...
Gracefully killing worker 8 (pid: 50541)...
Gracefully killing worker 7 (pid: 50540)...
Gracefully killing worker 10 (pid: 52048)...
Gracefully killing worker 1 (pid: 50534)...
Gracefully killing worker 5 (pid: 50538)...
xargs: illegal option -- d
usage: xargs [-0opt] [-E eofstr] [-I replstr [-R replacements]] [-J replstr]
             [-L number] [-n number [-x]] [-P maxprocs] [-s size]
             [utility [argument ...]]
worker 10 buried after 1 seconds
worker 9 buried after 1 seconds
worker 8 buried after 1 seconds
worker 7 buried after 1 seconds
worker 6 buried after 1 seconds
worker 5 buried after 1 seconds
worker 4 buried after 1 seconds
worker 3 buried after 1 seconds
worker 2 buried after 1 seconds
worker 1 buried after 1 seconds
binary reloading uWSGI...
chdir() to /Users/joshuachin1/Dropbox/workspace/runMES/runMES_1908.1i/runMES
closing all non-uwsgi socket fds > 2 (max_fd = 8192)...
found fd 3 mapped to socket 0 (127.0.0.1:51437)
running /Users/joshuachin1/Dropbox/workspace/runMES/runMES_1908.1i/bin/uwsgi
[uWSGI] getting INI configuration from uwsgi.ini
[uwsgi-static] added check for /Users/joshuachin1/Dropbox/workspace/runMES/runMES_1908.1i/runMES/static
